2005.07.31 22:29 B S:\programs\easyphp\EasyPHP1-8\www\clari\php\website\paintings\carnivalofmyhear.jpg --> www.trailmarker.com /www/1st-soft/preliminary/v2/paintings carnivalofmyhear.jpg
2005.07.31 22:29 B S:\programs\easyphp\EasyPHP1-8\www\clari\php\website\paintings\gatekeeperofmyhe.jpg --> www.trailmarker.com /www/1st-soft/preliminary/v2/paintings gatekeeperofmyhe.jpg
2005.07.31 22:29 B S:\programs\easyphp\EasyPHP1-8\www\clari\php\website\paintings\geslotelockedawa.jpg --> www.trailmarker.com /www/1st-soft/preliminary/v2/paintings geslotelockedawa.jpg
2005.07.31 22:29 B S:\programs\easyphp\EasyPHP1-8\www\clari\php\website\paintings\iofferyoumyheart.jpg --> www.trailmarker.com /www/1st-soft/preliminary/v2/paintings iofferyoumyheart.jpg
2005.07.31 22:29 B S:\programs\easyphp\EasyPHP1-8\www\clari\php\website\paintings\jugglinghearts.jpg --> www.trailmarker.com /www/1st-soft/preliminary/v2/paintings jugglinghearts.jpg
2005.07.31 22:29 B S:\programs\easyphp\EasyPHP1-8\www\clari\php\website\paintings\lonely.jpg --> www.trailmarker.com /www/1st-soft/preliminary/v2/paintings lonely.jpg
2005.07.31 22:29 B S:\programs\easyphp\EasyPHP1-8\www\clari\php\website\paintings\myheartikeepfory.jpg --> www.trailmarker.com /www/1st-soft/preliminary/v2/paintings myheartikeepfory.jpg
2005.07.31 22:29 B S:\programs\easyphp\EasyPHP1-8\www\clari\php\website\paintings\passion.jpg --> www.trailmarker.com /www/1st-soft/preliminary/v2/paintings passion.jpg
2005.07.31 22:29 B S:\programs\easyphp\EasyPHP1-8\www\clari\php\website\paintings\robberofhearts.jpg --> www.trailmarker.com /www/1st-soft/preliminary/v2/paintings robberofhearts.jpg
2005.07.31 22:29 B S:\programs\easyphp\EasyPHP1-8\www\clari\php\website\paintings\thebirdcatcher.jpg --> www.trailmarker.com /www/1st-soft/preliminary/v2/paintings thebirdcatcher.jpg
2005.07.31 22:29 B S:\programs\easyphp\EasyPHP1-8\www\clari\php\website\paintings\thepuppetmaster.jpg --> www.trailmarker.com /www/1st-soft/preliminary/v2/paintings thepuppetmaster.jpg
2005.08.03 07:43 B S:\programs\easyphp\EasyPHP1-8\www\clari\php\website\paintings\thewarrior.jpg --> www.trailmarker.com /public_html/1st-soft/preliminary/v2/paintings thewarrior.jpg
2005.08.03 07:43 B S:\programs\easyphp\EasyPHP1-8\www\clari\php\website\paintings\thewoundedchild.jpg --> www.trailmarker.com /public_html/1st-soft/preliminary/v2/paintings thewoundedchild.jpg
2005.08.06 13:03 B S:\programs\easyphp\EasyPHP1-8\www\clari\php\website\paintings\alone.jpg --> www.trailmarker.com /www/1st-soft/preliminary/v2/paintings alone.jpg
2005.08.06 13:03 B S:\programs\easyphp\EasyPHP1-8\www\clari\php\website\paintings\appleofmyeye.jpg --> www.trailmarker.com /www/1st-soft/preliminary/v2/paintings appleofmyeye.jpg
2005.08.06 13:03 B S:\programs\easyphp\EasyPHP1-8\www\clari\php\website\paintings\banana.jpg --> www.trailmarker.com /www/1st-soft/preliminary/v2/paintings banana.jpg
2005.08.06 13:03 B S:\programs\easyphp\EasyPHP1-8\www\clari\php\website\paintings\burningbed.jpg --> www.trailmarker.com /www/1st-soft/preliminary/v2/paintings burningbed.jpg
2005.08.06 13:03 B S:\programs\easyphp\EasyPHP1-8\www\clari\php\website\paintings\choices.jpg --> www.trailmarker.com /www/1st-soft/preliminary/v2/paintings choices.jpg
2005.08.06 13:03 B S:\programs\easyphp\EasyPHP1-8\www\clari\php\website\paintings\cuppucino.jpg --> www.trailmarker.com /www/1st-soft/preliminary/v2/paintings cuppucino.jpg
2005.08.06 13:03 B S:\programs\easyphp\EasyPHP1-8\www\clari\php\website\paintings\greendanjoupear.jpg --> www.trailmarker.com /www/1st-soft/preliminary/v2/paintings greendanjoupear.jpg
2005.08.06 13:03 B S:\programs\easyphp\EasyPHP1-8\www\clari\php\website\paintings\greensummerpear.jpg --> www.trailmarker.com /www/1st-soft/preliminary/v2/paintings greensummerpear.jpg
2005.08.06 13:03 B S:\programs\easyphp\EasyPHP1-8\www\clari\php\website\paintings\healingmyheart.jpg --> www.trailmarker.com /www/1st-soft/preliminary/v2/paintings healingmyheart.jpg
2005.08.06 13:03 B S:\programs\easyphp\EasyPHP1-8\www\clari\php\website\paintings\lettinggo.jpg --> www.trailmarker.com /www/1st-soft/preliminary/v2/paintings lettinggo.jpg
2005.08.06 13:03 B S:\programs\easyphp\EasyPHP1-8\www\clari\php\website\paintings\makasonkelittlep.jpg --> www.trailmarker.com /www/1st-soft/preliminary/v2/paintings makasonkelittlep.jpg
2005.08.06 13:03 B S:\programs\easyphp\EasyPHP1-8\www\clari\php\website\paintings\mammaenekmommyan.jpg --> www.trailmarker.com /www/1st-soft/preliminary/v2/paintings mammaenekmommyan.jpg
2005.08.06 13:03 B S:\programs\easyphp\EasyPHP1-8\www\clari\php\website\paintings\missjuliestrindb.jpg --> www.trailmarker.com /www/1st-soft/preliminary/v2/paintings missjuliestrindb.jpg
2005.08.06 13:03 B S:\programs\easyphp\EasyPHP1-8\www\clari\php\website\paintings\myheartbelongsto.jpg --> www.trailmarker.com /www/1st-soft/preliminary/v2/paintings myheartbelongsto.jpg
2005.08.06 13:03 B S:\programs\easyphp\EasyPHP1-8\www\clari\php\website\paintings\pappaenekdaddyan.jpg --> www.trailmarker.com /www/1st-soft/preliminary/v2/paintings pappaenekdaddyan.jpg
2005.08.06 13:03 B S:\programs\easyphp\EasyPHP1-8\www\clari\php\website\paintings\sondagmiddagopdi.jpg --> www.trailmarker.com /www/1st-soft/preliminary/v2/paintings sondagmiddagopdi.jpg
2005.08.06 13:03 B S:\programs\easyphp\EasyPHP1-8\www\clari\php\website\paintings\strawberrybliss.jpg --> www.trailmarker.com /www/1st-soft/preliminary/v2/paintings strawberrybliss.jpg
2005.08.06 13:03 B S:\programs\easyphp\EasyPHP1-8\www\clari\php\website\paintings\summerpear.jpg --> www.trailmarker.com /www/1st-soft/preliminary/v2/paintings summerpear.jpg
2005.08.06 13:03 B S:\programs\easyphp\EasyPHP1-8\www\clari\php\website\paintings\thegift.jpg --> www.trailmarker.com /www/1st-soft/preliminary/v2/paintings thegift.jpg
2005.08.06 13:03 B S:\programs\easyphp\EasyPHP1-8\www\clari\php\website\paintings\theoracle.jpg --> www.trailmarker.com /www/1st-soft/preliminary/v2/paintings theoracle.jpg
2005.08.06 13:03 B S:\programs\easyphp\EasyPHP1-8\www\clari\php\website\paintings\thetouch.jpg --> www.trailmarker.com /www/1st-soft/preliminary/v2/paintings thetouch.jpg
2005.08.06 13:03 B S:\programs\easyphp\EasyPHP1-8\www\clari\php\website\paintings\thewarrior.jpg --> www.trailmarker.com /www/1st-soft/preliminary/v2/paintings thewarrior.jpg
2005.08.06 13:03 B S:\programs\easyphp\EasyPHP1-8\www\clari\php\website\paintings\theweddingnight.jpg --> www.trailmarker.com /www/1st-soft/preliminary/v2/paintings theweddingnight.jpg
2005.08.06 13:03 B S:\programs\easyphp\EasyPHP1-8\www\clari\php\website\paintings\thewoundedchild.jpg --> www.trailmarker.com /www/1st-soft/preliminary/v2/paintings thewoundedchild.jpg
2005.08.06 13:03 B S:\programs\easyphp\EasyPHP1-8\www\clari\php\website\paintings\tianmetrooihaant.jpg --> www.trailmarker.com /www/1st-soft/preliminary/v2/paintings tianmetrooihaant.jpg
2005.08.06 13:03 B S:\programs\easyphp\EasyPHP1-8\www\clari\php\website\paintings\tropicalpinapple.jpg --> www.trailmarker.com /www/1st-soft/preliminary/v2/paintings tropicalpinapple.jpg
2005.08.06 13:03 B S:\programs\easyphp\EasyPHP1-8\www\clari\php\website\paintings\womanwithpoppies.jpg --> www.trailmarker.com /www/1st-soft/preliminary/v2/paintings womanwithpoppies.jpg
2005.08.06 13:03 B S:\programs\easyphp\EasyPHP1-8\www\clari\php\website\paintings\womanwithroses.jpg --> www.trailmarker.com /www/1st-soft/preliminary/v2/paintings womanwithroses.jpg
2005.08.06 13:03 B S:\programs\easyphp\EasyPHP1-8\www\clari\php\website\paintings\WS_FTP.LOG --> www.trailmarker.com /www/1st-soft/preliminary/v2/paintings WS_FTP.LOG
2005.08.13 12:16 B S:\programs\easyphp\EasyPHP1-8\www\clari\php\website\paintings\WS_FTP.LOG --> www.trailmarker.com /www/1st-soft/preliminary/v2/paintings WS_FTP.LOG
2005.08.14 16:15 B S:\programs\easyphp\EasyPHP1-8\www\clari\php\website\paintings\WS_FTP.LOG --> www.trailmarker.com /www/1st-soft/preliminary/v2/paintings WS_FTP.LOG
2005.08.21 17:32 B S:\programs\easyphp\EasyPHP1-8\www\clari\php\website\paintings\portrait1.jpg --> www.trailmarker.com /www/1st-soft/preliminary/v2/paintings portrait1.jpg
2005.08.21 17:32 B S:\programs\easyphp\EasyPHP1-8\www\clari\php\website\paintings\portrait2.jpg --> www.trailmarker.com /www/1st-soft/preliminary/v2/paintings portrait2.jpg
2005.08.21 17:32 B S:\programs\easyphp\EasyPHP1-8\www\clari\php\website\paintings\WS_FTP.LOG --> www.trailmarker.com /www/1st-soft/preliminary/v2/paintings WS_FTP.LOG
2005.09.04 12:52 B S:\programs\easyphp\EasyPHP1-8\www\clari\php\website\paintings\girlwithdog.jpg --> www.trailmarker.com /www/1st-soft/preliminary/v2/paintings girlwithdog.jpg
2005.09.04 12:52 B S:\programs\easyphp\EasyPHP1-8\www\clari\php\website\paintings\WS_FTP.LOG --> www.trailmarker.com /www/1st-soft/preliminary/v2/paintings WS_FTP.LOG
2005.09.04 14:02 B S:\programs\easyphp\EasyPHP1-8\www\clari\php\website\paintings\girlwithdog.jpg --> www.trailmarker.com /www/1st-soft/preliminary/v2/paintings girlwithdog.jpg
2005.09.04 14:02 B S:\programs\easyphp\EasyPHP1-8\www\clari\php\website\paintings\WS_FTP.LOG --> www.trailmarker.com /www/1st-soft/preliminary/v2/paintings WS_FTP.LOG
2005.09.04 16:30 B S:\programs\easyphp\EasyPHP1-8\www\clari\php\website\paintings\alone.jpg --> www.trailmarker.com /www/1st-soft/preliminary/v3/paintings alone.jpg
2005.09.04 16:30 B S:\programs\easyphp\EasyPHP1-8\www\clari\php\website\paintings\appleofmyeye.jpg --> www.trailmarker.com /www/1st-soft/preliminary/v3/paintings appleofmyeye.jpg
2005.09.04 16:30 B S:\programs\easyphp\EasyPHP1-8\www\clari\php\website\paintings\banana.jpg --> www.trailmarker.com /www/1st-soft/preliminary/v3/paintings banana.jpg
2005.09.04 16:30 B S:\programs\easyphp\EasyPHP1-8\www\clari\php\website\paintings\burningbed.jpg --> www.trailmarker.com /www/1st-soft/preliminary/v3/paintings burningbed.jpg
2005.09.04 16:30 B S:\programs\easyphp\EasyPHP1-8\www\clari\php\website\paintings\carnivalofmyhear.jpg --> www.trailmarker.com /www/1st-soft/preliminary/v3/paintings carnivalofmyhear.jpg
2005.09.04 16:30 B S:\programs\easyphp\EasyPHP1-8\www\clari\php\website\paintings\choices.jpg --> www.trailmarker.com /www/1st-soft/preliminary/v3/paintings choices.jpg
2005.09.04 16:30 B S:\programs\easyphp\EasyPHP1-8\www\clari\php\website\paintings\cuppucino.jpg --> www.trailmarker.com /www/1st-soft/preliminary/v3/paintings cuppucino.jpg
2005.09.04 16:30 B S:\programs\easyphp\EasyPHP1-8\www\clari\php\website\paintings\gatekeeperofmyhe.jpg --> www.trailmarker.com /www/1st-soft/preliminary/v3/paintings gatekeeperofmyhe.jpg
2005.09.04 16:30 B S:\programs\easyphp\EasyPHP1-8\www\clari\php\website\paintings\geslotelockedawa.jpg --> www.trailmarker.com /www/1st-soft/preliminary/v3/paintings geslotelockedawa.jpg
2005.09.04 16:30 B S:\programs\easyphp\EasyPHP1-8\www\clari\php\website\paintings\girlwithdog.jpg --> www.trailmarker.com /www/1st-soft/preliminary/v3/paintings girlwithdog.jpg
2005.09.04 16:30 B S:\programs\easyphp\EasyPHP1-8\www\clari\php\website\paintings\greendanjoupear.jpg --> www.trailmarker.com /www/1st-soft/preliminary/v3/paintings greendanjoupear.jpg
2005.09.04 16:30 B S:\programs\easyphp\EasyPHP1-8\www\clari\php\website\paintings\greensummerpear.jpg --> www.trailmarker.com /www/1st-soft/preliminary/v3/paintings greensummerpear.jpg
2005.09.04 16:30 B S:\programs\easyphp\EasyPHP1-8\www\clari\php\website\paintings\healingmyheart.jpg --> www.trailmarker.com /www/1st-soft/preliminary/v3/paintings healingmyheart.jpg
2005.09.04 16:30 B S:\programs\easyphp\EasyPHP1-8\www\clari\php\website\paintings\iofferyoumyheart.jpg --> www.trailmarker.com /www/1st-soft/preliminary/v3/paintings iofferyoumyheart.jpg
2005.09.04 16:30 B S:\programs\easyphp\EasyPHP1-8\www\clari\php\website\paintings\jugglinghearts.jpg --> www.trailmarker.com /www/1st-soft/preliminary/v3/paintings jugglinghearts.jpg
2005.09.04 16:30 B S:\programs\easyphp\EasyPHP1-8\www\clari\php\website\paintings\lettinggo.jpg --> www.trailmarker.com /www/1st-soft/preliminary/v3/paintings lettinggo.jpg
2005.09.04 16:30 B S:\programs\easyphp\EasyPHP1-8\www\clari\php\website\paintings\lonely.jpg --> www.trailmarker.com /www/1st-soft/preliminary/v3/paintings lonely.jpg
2005.09.04 16:30 B S:\programs\easyphp\EasyPHP1-8\www\clari\php\website\paintings\makasonkelittlep.jpg --> www.trailmarker.com /www/1st-soft/preliminary/v3/paintings makasonkelittlep.jpg
2005.09.04 16:30 B S:\programs\easyphp\EasyPHP1-8\www\clari\php\website\paintings\mammaenekmommyan.jpg --> www.trailmarker.com /www/1st-soft/preliminary/v3/paintings mammaenekmommyan.jpg
2005.09.04 16:30 B S:\programs\easyphp\EasyPHP1-8\www\clari\php\website\paintings\missjuliestrindb.jpg --> www.trailmarker.com /www/1st-soft/preliminary/v3/paintings missjuliestrindb.jpg
2005.09.04 16:30 B S:\programs\easyphp\EasyPHP1-8\www\clari\php\website\paintings\myheartbelongsto.jpg --> www.trailmarker.com /www/1st-soft/preliminary/v3/paintings myheartbelongsto.jpg
2005.09.04 16:30 B S:\programs\easyphp\EasyPHP1-8\www\clari\php\website\paintings\myheartikeepfory.jpg --> www.trailmarker.com /www/1st-soft/preliminary/v3/paintings myheartikeepfory.jpg
2005.09.04 16:30 B S:\programs\easyphp\EasyPHP1-8\www\clari\php\website\paintings\pappaenekdaddyan.jpg --> www.trailmarker.com /www/1st-soft/preliminary/v3/paintings pappaenekdaddyan.jpg
2005.09.04 16:30 B S:\programs\easyphp\EasyPHP1-8\www\clari\php\website\paintings\passion.jpg --> www.trailmarker.com /www/1st-soft/preliminary/v3/paintings passion.jpg
2005.09.04 16:30 B S:\programs\easyphp\EasyPHP1-8\www\clari\php\website\paintings\portrait1.jpg --> www.trailmarker.com /www/1st-soft/preliminary/v3/paintings portrait1.jpg
2005.09.04 16:30 B S:\programs\easyphp\EasyPHP1-8\www\clari\php\website\paintings\portrait2.jpg --> www.trailmarker.com /www/1st-soft/preliminary/v3/paintings portrait2.jpg
2005.09.04 16:30 B S:\programs\easyphp\EasyPHP1-8\www\clari\php\website\paintings\robberofhearts.jpg --> www.trailmarker.com /www/1st-soft/preliminary/v3/paintings robberofhearts.jpg
2005.09.04 16:30 B S:\programs\easyphp\EasyPHP1-8\www\clari\php\website\paintings\sondagmiddagopdi.jpg --> www.trailmarker.com /www/1st-soft/preliminary/v3/paintings sondagmiddagopdi.jpg
2005.09.04 16:30 B S:\programs\easyphp\EasyPHP1-8\www\clari\php\website\paintings\strawberrybliss.jpg --> www.trailmarker.com /www/1st-soft/preliminary/v3/paintings strawberrybliss.jpg
2005.09.04 16:30 B S:\programs\easyphp\EasyPHP1-8\www\clari\php\website\paintings\summerpear.jpg --> www.trailmarker.com /www/1st-soft/preliminary/v3/paintings summerpear.jpg
2005.09.04 16:30 B S:\programs\easyphp\EasyPHP1-8\www\clari\php\website\paintings\thebirdcatcher.jpg --> www.trailmarker.com /www/1st-soft/preliminary/v3/paintings thebirdcatcher.jpg
2005.09.04 16:31 B S:\programs\easyphp\EasyPHP1-8\www\clari\php\website\paintings\thegift.jpg --> www.trailmarker.com /www/1st-soft/preliminary/v3/paintings thegift.jpg
2005.09.04 16:31 B S:\programs\easyphp\EasyPHP1-8\www\clari\php\website\paintings\theoracle.jpg --> www.trailmarker.com /www/1st-soft/preliminary/v3/paintings theoracle.jpg
2005.09.04 16:31 B S:\programs\easyphp\EasyPHP1-8\www\clari\php\website\paintings\thepuppetmaster.jpg --> www.trailmarker.com /www/1st-soft/preliminary/v3/paintings thepuppetmaster.jpg
2005.09.04 16:31 B S:\programs\easyphp\EasyPHP1-8\www\clari\php\website\paintings\thetouch.jpg --> www.trailmarker.com /www/1st-soft/preliminary/v3/paintings thetouch.jpg
2005.09.04 16:31 B S:\programs\easyphp\EasyPHP1-8\www\clari\php\website\paintings\thewarrior.jpg --> www.trailmarker.com /www/1st-soft/preliminary/v3/paintings thewarrior.jpg
2005.09.04 16:31 B S:\programs\easyphp\EasyPHP1-8\www\clari\php\website\paintings\theweddingnight.jpg --> www.trailmarker.com /www/1st-soft/preliminary/v3/paintings theweddingnight.jpg
2005.09.04 16:31 B S:\programs\easyphp\EasyPHP1-8\www\clari\php\website\paintings\thewoundedchild.jpg --> www.trailmarker.com /www/1st-soft/preliminary/v3/paintings thewoundedchild.jpg
2005.09.04 16:31 B S:\programs\easyphp\EasyPHP1-8\www\clari\php\website\paintings\tianmetrooihaant.jpg --> www.trailmarker.com /www/1st-soft/preliminary/v3/paintings tianmetrooihaant.jpg
2005.09.04 16:31 B S:\programs\easyphp\EasyPHP1-8\www\clari\php\website\paintings\tropicalpinapple.jpg --> www.trailmarker.com /www/1st-soft/preliminary/v3/paintings tropicalpinapple.jpg
2005.09.04 16:31 B S:\programs\easyphp\EasyPHP1-8\www\clari\php\website\paintings\womanwithpoppies.jpg --> www.trailmarker.com /www/1st-soft/preliminary/v3/paintings womanwithpoppies.jpg
2005.09.04 16:31 B S:\programs\easyphp\EasyPHP1-8\www\clari\php\website\paintings\womanwithroses.jpg --> www.trailmarker.com /www/1st-soft/preliminary/v3/paintings womanwithroses.jpg
2005.09.04 16:31 B S:\programs\easyphp\EasyPHP1-8\www\clari\php\website\paintings\WS_FTP.LOG --> www.trailmarker.com /www/1st-soft/preliminary/v3/paintings WS_FTP.LOG
2005.09.06 19:17 B S:\programs\easyphp\EasyPHP1-8\www\clari\php\website\paintings\thedancer.jpg --> www.trailmarker.com /www/1st-soft/preliminary/v3/paintings thedancer.jpg
2005.09.06 19:17 B S:\programs\easyphp\EasyPHP1-8\www\clari\php\website\paintings\theprostitute.jpg --> www.trailmarker.com /www/1st-soft/preliminary/v3/paintings theprostitute.jpg
2005.09.06 19:17 B S:\programs\easyphp\EasyPHP1-8\www\clari\php\website\paintings\thequeen.jpg --> www.trailmarker.com /www/1st-soft/preliminary/v3/paintings thequeen.jpg
2005.09.06 19:17 B S:\programs\easyphp\EasyPHP1-8\www\clari\php\website\paintings\WS_FTP.LOG --> www.trailmarker.com /www/1st-soft/preliminary/v3/paintings WS_FTP.LOG
2005.09.06 20:37 B S:\programs\easyphp\EasyPHP1-8\www\clari\php\website\paintings\WS_FTP.LOG --> www.trailmarker.com /www/1st-soft/preliminary/v3/paintings WS_FTP.LOG
2005.09.10 11:23 B C:\Program Files\EasyPHP1-8\www\clari\php\website\paintings\alone.jpg --> www.trailmarker.com /www/1st-soft/preliminary/v4/paintings alone.jpg
2005.09.10 11:23 B C:\Program Files\EasyPHP1-8\www\clari\php\website\paintings\appleofmyeye.jpg --> www.trailmarker.com /www/1st-soft/preliminary/v4/paintings appleofmyeye.jpg
2005.09.10 11:23 B C:\Program Files\EasyPHP1-8\www\clari\php\website\paintings\banana.jpg --> www.trailmarker.com /www/1st-soft/preliminary/v4/paintings banana.jpg
2005.09.10 11:23 B C:\Program Files\EasyPHP1-8\www\clari\php\website\paintings\burningbed.jpg --> www.trailmarker.com /www/1st-soft/preliminary/v4/paintings burningbed.jpg
2005.09.10 11:23 B C:\Program Files\EasyPHP1-8\www\clari\php\website\paintings\carnivalofmyhear.jpg --> www.trailmarker.com /www/1st-soft/preliminary/v4/paintings carnivalofmyhear.jpg
2005.09.10 11:23 B C:\Program Files\EasyPHP1-8\www\clari\php\website\paintings\choices.jpg --> www.trailmarker.com /www/1st-soft/preliminary/v4/paintings choices.jpg
2005.09.10 11:23 B C:\Program Files\EasyPHP1-8\www\clari\php\website\paintings\cuppucino.jpg --> www.trailmarker.com /www/1st-soft/preliminary/v4/paintings cuppucino.jpg
2005.09.10 11:23 B C:\Program Files\EasyPHP1-8\www\clari\php\website\paintings\gatekeeperofmyhe.jpg --> www.trailmarker.com /www/1st-soft/preliminary/v4/paintings gatekeeperofmyhe.jpg
2005.09.10 11:23 B C:\Program Files\EasyPHP1-8\www\clari\php\website\paintings\geslotelockedawa.jpg --> www.trailmarker.com /www/1st-soft/preliminary/v4/paintings geslotelockedawa.jpg
2005.09.10 11:23 B C:\Program Files\EasyPHP1-8\www\clari\php\website\paintings\girlwithdog.jpg --> www.trailmarker.com /www/1st-soft/preliminary/v4/paintings girlwithdog.jpg
2005.09.10 11:23 B C:\Program Files\EasyPHP1-8\www\clari\php\website\paintings\greendanjoupear.jpg --> www.trailmarker.com /www/1st-soft/preliminary/v4/paintings greendanjoupear.jpg
2005.09.10 11:23 B C:\Program Files\EasyPHP1-8\www\clari\php\website\paintings\greensummerpear.jpg --> www.trailmarker.com /www/1st-soft/preliminary/v4/paintings greensummerpear.jpg
2005.09.10 11:23 B C:\Program Files\EasyPHP1-8\www\clari\php\website\paintings\healingmyheart.jpg --> www.trailmarker.com /www/1st-soft/preliminary/v4/paintings healingmyheart.jpg
2005.09.10 11:23 B C:\Program Files\EasyPHP1-8\www\clari\php\website\paintings\iofferyoumyheart.jpg --> www.trailmarker.com /www/1st-soft/preliminary/v4/paintings iofferyoumyheart.jpg
2005.09.10 11:23 B C:\Program Files\EasyPHP1-8\www\clari\php\website\paintings\jugglinghearts.jpg --> www.trailmarker.com /www/1st-soft/preliminary/v4/paintings jugglinghearts.jpg
2005.09.10 11:23 B C:\Program Files\EasyPHP1-8\www\clari\php\website\paintings\lettinggo.jpg --> www.trailmarker.com /www/1st-soft/preliminary/v4/paintings lettinggo.jpg
2005.09.10 11:23 B C:\Program Files\EasyPHP1-8\www\clari\php\website\paintings\lonely.jpg --> www.trailmarker.com /www/1st-soft/preliminary/v4/paintings lonely.jpg
2005.09.10 11:23 B C:\Program Files\EasyPHP1-8\www\clari\php\website\paintings\makasonkelittlep.jpg --> www.trailmarker.com /www/1st-soft/preliminary/v4/paintings makasonkelittlep.jpg
2005.09.10 11:23 B C:\Program Files\EasyPHP1-8\www\clari\php\website\paintings\mammaenekmommyan.jpg --> www.trailmarker.com /www/1st-soft/preliminary/v4/paintings mammaenekmommyan.jpg
2005.09.10 11:23 B C:\Program Files\EasyPHP1-8\www\clari\php\website\paintings\missjuliestrindb.jpg --> www.trailmarker.com /www/1st-soft/preliminary/v4/paintings missjuliestrindb.jpg
2005.09.10 11:23 B C:\Program Files\EasyPHP1-8\www\clari\php\website\paintings\myheartbelongsto.jpg --> www.trailmarker.com /www/1st-soft/preliminary/v4/paintings myheartbelongsto.jpg
2005.09.10 11:23 B C:\Program Files\EasyPHP1-8\www\clari\php\website\paintings\myheartikeepfory.jpg --> www.trailmarker.com /www/1st-soft/preliminary/v4/paintings myheartikeepfory.jpg
2005.09.10 11:23 B C:\Program Files\EasyPHP1-8\www\clari\php\website\paintings\pappaenekdaddyan.jpg --> www.trailmarker.com /www/1st-soft/preliminary/v4/paintings pappaenekdaddyan.jpg
2005.09.10 11:23 B C:\Program Files\EasyPHP1-8\www\clari\php\website\paintings\passion.jpg --> www.trailmarker.com /www/1st-soft/preliminary/v4/paintings passion.jpg
2005.09.10 11:23 B C:\Program Files\EasyPHP1-8\www\clari\php\website\paintings\portrait1.jpg --> www.trailmarker.com /www/1st-soft/preliminary/v4/paintings portrait1.jpg
2005.09.10 11:23 B C:\Program Files\EasyPHP1-8\www\clari\php\website\paintings\portrait2.jpg --> www.trailmarker.com /www/1st-soft/preliminary/v4/paintings portrait2.jpg
2005.09.10 11:23 B C:\Program Files\EasyPHP1-8\www\clari\php\website\paintings\robberofhearts.jpg --> www.trailmarker.com /www/1st-soft/preliminary/v4/paintings robberofhearts.jpg
2005.09.10 11:23 B C:\Program Files\EasyPHP1-8\www\clari\php\website\paintings\sondagmiddagopdi.jpg --> www.trailmarker.com /www/1st-soft/preliminary/v4/paintings sondagmiddagopdi.jpg
2005.09.10 11:23 B C:\Program Files\EasyPHP1-8\www\clari\php\website\paintings\strawberrybliss.jpg --> www.trailmarker.com /www/1st-soft/preliminary/v4/paintings strawberrybliss.jpg
2005.09.10 11:23 B C:\Program Files\EasyPHP1-8\www\clari\php\website\paintings\summerpear.jpg --> www.trailmarker.com /www/1st-soft/preliminary/v4/paintings summerpear.jpg
2005.09.10 11:23 B C:\Program Files\EasyPHP1-8\www\clari\php\website\paintings\thebirdcatcher.jpg --> www.trailmarker.com /www/1st-soft/preliminary/v4/paintings thebirdcatcher.jpg
2005.09.10 11:23 B C:\Program Files\EasyPHP1-8\www\clari\php\website\paintings\thedancer.jpg --> www.trailmarker.com /www/1st-soft/preliminary/v4/paintings thedancer.jpg
2005.09.10 11:23 B C:\Program Files\EasyPHP1-8\www\clari\php\website\paintings\thegift.jpg --> www.trailmarker.com /www/1st-soft/preliminary/v4/paintings thegift.jpg
2005.09.10 11:23 B C:\Program Files\EasyPHP1-8\www\clari\php\website\paintings\theoracle.jpg --> www.trailmarker.com /www/1st-soft/preliminary/v4/paintings theoracle.jpg
2005.09.10 11:23 B C:\Program Files\EasyPHP1-8\www\clari\php\website\paintings\theprostitute.jpg --> www.trailmarker.com /www/1st-soft/preliminary/v4/paintings theprostitute.jpg
2005.09.10 11:23 B C:\Program Files\EasyPHP1-8\www\clari\php\website\paintings\thepuppetmaster.jpg --> www.trailmarker.com /www/1st-soft/preliminary/v4/paintings thepuppetmaster.jpg
2005.09.10 11:24 B C:\Program Files\EasyPHP1-8\www\clari\php\website\paintings\thequeen.jpg --> www.trailmarker.com /www/1st-soft/preliminary/v4/paintings thequeen.jpg
2005.09.10 11:24 B C:\Program Files\EasyPHP1-8\www\clari\php\website\paintings\thetouch.jpg --> www.trailmarker.com /www/1st-soft/preliminary/v4/paintings thetouch.jpg
2005.09.10 11:24 B C:\Program Files\EasyPHP1-8\www\clari\php\website\paintings\thewarrior.jpg --> www.trailmarker.com /www/1st-soft/preliminary/v4/paintings thewarrior.jpg
2005.09.10 11:24 B C:\Program Files\EasyPHP1-8\www\clari\php\website\paintings\theweddingnight.jpg --> www.trailmarker.com /www/1st-soft/preliminary/v4/paintings theweddingnight.jpg
2005.09.10 11:24 B C:\Program Files\EasyPHP1-8\www\clari\php\website\paintings\thewoundedchild.jpg --> www.trailmarker.com /www/1st-soft/preliminary/v4/paintings thewoundedchild.jpg
2005.09.10 11:24 B C:\Program Files\EasyPHP1-8\www\clari\php\website\paintings\tianmetrooihaant.jpg --> www.trailmarker.com /www/1st-soft/preliminary/v4/paintings tianmetrooihaant.jpg
2005.09.10 11:24 B C:\Program Files\EasyPHP1-8\www\clari\php\website\paintings\tropicalpinapple.jpg --> www.trailmarker.com /www/1st-soft/preliminary/v4/paintings tropicalpinapple.jpg
2005.09.10 11:24 B C:\Program Files\EasyPHP1-8\www\clari\php\website\paintings\womanwithpoppies.jpg --> www.trailmarker.com /www/1st-soft/preliminary/v4/paintings womanwithpoppies.jpg
2005.09.10 11:24 B C:\Program Files\EasyPHP1-8\www\clari\php\website\paintings\womanwithroses.jpg --> www.trailmarker.com /www/1st-soft/preliminary/v4/paintings womanwithroses.jpg
2005.09.10 11:24 B C:\Program Files\EasyPHP1-8\www\clari\php\website\paintings\WS_FTP.LOG --> www.trailmarker.com /www/1st-soft/preliminary/v4/paintings WS_FTP.LOG
2005.09.10 18:44 B C:\Program Files\EasyPHP1-8\www\clari\php\website\paintings\gatekeeperofmyhe.jpg --> www.trailmarker.com /www/1st-soft/preliminary/v4/paintings gatekeeperofmyhe.jpg
2005.09.10 18:44 B C:\Program Files\EasyPHP1-8\www\clari\php\website\paintings\iofferyoumyheart.jpg --> www.trailmarker.com /www/1st-soft/preliminary/v4/paintings iofferyoumyheart.jpg
2005.09.10 18:44 B C:\Program Files\EasyPHP1-8\www\clari\php\website\paintings\passion.jpg --> www.trailmarker.com /www/1st-soft/preliminary/v4/paintings passion.jpg
2005.09.10 18:44 B C:\Program Files\EasyPHP1-8\www\clari\php\website\paintings\robberofhearts.jpg --> www.trailmarker.com /www/1st-soft/preliminary/v4/paintings robberofhearts.jpg
2005.09.10 18:44 B C:\Program Files\EasyPHP1-8\www\clari\php\website\paintings\WS_FTP.LOG --> www.trailmarker.com /www/1st-soft/preliminary/v4/paintings WS_FTP.LOG
2005.09.11 18:18 B C:\Program Files\EasyPHP1-8\www\clari\php\website\paintings\WS_FTP.LOG --> www.trailmarker.com /www/1st-soft/preliminary/v4/paintings WS_FTP.LOG
2005.09.13 17:56 B C:\Program Files\EasyPHP1-8\www\clari\php\website\paintings\thedancerartistm.jpg --> www.trailmarker.com /www/1st-soft/preliminary/v4/paintings thedancerartistm.jpg
2005.09.13 17:56 B C:\Program Files\EasyPHP1-8\www\clari\php\website\paintings\Thumbs.db --> www.trailmarker.com /www/1st-soft/preliminary/v4/paintings Thumbs.db
2005.09.13 17:56 B C:\Program Files\EasyPHP1-8\www\clari\php\website\paintings\WS_FTP.LOG --> www.trailmarker.com /www/1st-soft/preliminary/v4/paintings WS_FTP.LOG
2005.09.16 18:21 B C:\Program Files\EasyPHP1-8\www\clari\php\website\paintings\Thumbs.db --> www.trailmarker.com /www/1st-soft/preliminary/v4/paintings Thumbs.db
2005.09.16 18:21 B C:\Program Files\EasyPHP1-8\www\clari\php\website\paintings\tianmetrooihaanr.jpg --> www.trailmarker.com /www/1st-soft/preliminary/v4/paintings tianmetrooihaanr.jpg
2005.09.16 18:21 B C:\Program Files\EasyPHP1-8\www\clari\php\website\paintings\WS_FTP.LOG --> www.trailmarker.com /www/1st-soft/preliminary/v4/paintings WS_FTP.LOG
2005.09.18 11:00 B C:\Program Files\EasyPHP1-8\www\clari\php\website\paintings\alone.jpg --> www.trailmarker.com /www/1st-soft/preliminary/v5/paintings alone.jpg
2005.09.18 11:00 B C:\Program Files\EasyPHP1-8\www\clari\php\website\paintings\appleofmyeye.jpg --> www.trailmarker.com /www/1st-soft/preliminary/v5/paintings appleofmyeye.jpg
2005.09.18 11:00 B C:\Program Files\EasyPHP1-8\www\clari\php\website\paintings\banana.jpg --> www.trailmarker.com /www/1st-soft/preliminary/v5/paintings banana.jpg
2005.09.18 11:00 B C:\Program Files\EasyPHP1-8\www\clari\php\website\paintings\burningbed.jpg --> www.trailmarker.com /www/1st-soft/preliminary/v5/paintings burningbed.jpg
2005.09.18 11:00 B C:\Program Files\EasyPHP1-8\www\clari\php\website\paintings\carnivalofmyhear.jpg --> www.trailmarker.com /www/1st-soft/preliminary/v5/paintings carnivalofmyhear.jpg
2005.09.18 11:00 B C:\Program Files\EasyPHP1-8\www\clari\php\website\paintings\choices.jpg --> www.trailmarker.com /www/1st-soft/preliminary/v5/paintings choices.jpg
2005.09.18 11:00 B C:\Program Files\EasyPHP1-8\www\clari\php\website\paintings\cuppucino.jpg --> www.trailmarker.com /www/1st-soft/preliminary/v5/paintings cuppucino.jpg
2005.09.18 11:00 B C:\Program Files\EasyPHP1-8\www\clari\php\website\paintings\gatekeeperofmyhe.jpg --> www.trailmarker.com /www/1st-soft/preliminary/v5/paintings gatekeeperofmyhe.jpg
2005.09.18 11:00 B C:\Program Files\EasyPHP1-8\www\clari\php\website\paintings\geslotelockedawa.jpg --> www.trailmarker.com /www/1st-soft/preliminary/v5/paintings geslotelockedawa.jpg
2005.09.18 11:00 B C:\Program Files\EasyPHP1-8\www\clari\php\website\paintings\girlwithdog.jpg --> www.trailmarker.com /www/1st-soft/preliminary/v5/paintings girlwithdog.jpg
2005.09.18 11:00 B C:\Program Files\EasyPHP1-8\www\clari\php\website\paintings\greendanjoupear.jpg --> www.trailmarker.com /www/1st-soft/preliminary/v5/paintings greendanjoupear.jpg
2005.09.18 11:00 B C:\Program Files\EasyPHP1-8\www\clari\php\website\paintings\greensummerpear.jpg --> www.trailmarker.com /www/1st-soft/preliminary/v5/paintings greensummerpear.jpg
2005.09.18 11:00 B C:\Program Files\EasyPHP1-8\www\clari\php\website\paintings\healingmyheart.jpg --> www.trailmarker.com /www/1st-soft/preliminary/v5/paintings healingmyheart.jpg
2005.09.18 11:00 B C:\Program Files\EasyPHP1-8\www\clari\php\website\paintings\iofferyoumyheart.jpg --> www.trailmarker.com /www/1st-soft/preliminary/v5/paintings iofferyoumyheart.jpg
2005.09.18 11:00 B C:\Program Files\EasyPHP1-8\www\clari\php\website\paintings\jugglinghearts.jpg --> www.trailmarker.com /www/1st-soft/preliminary/v5/paintings jugglinghearts.jpg
2005.09.18 11:00 B C:\Program Files\EasyPHP1-8\www\clari\php\website\paintings\lettinggo.jpg --> www.trailmarker.com /www/1st-soft/preliminary/v5/paintings lettinggo.jpg
2005.09.18 11:00 B C:\Program Files\EasyPHP1-8\www\clari\php\website\paintings\lonely.jpg --> www.trailmarker.com /www/1st-soft/preliminary/v5/paintings lonely.jpg
2005.09.18 11:00 B C:\Program Files\EasyPHP1-8\www\clari\php\website\paintings\makasonkelittlep.jpg --> www.trailmarker.com /www/1st-soft/preliminary/v5/paintings makasonkelittlep.jpg
2005.09.18 11:00 B C:\Program Files\EasyPHP1-8\www\clari\php\website\paintings\mammaenekmommyan.jpg --> www.trailmarker.com /www/1st-soft/preliminary/v5/paintings mammaenekmommyan.jpg
2005.09.18 11:00 B C:\Program Files\EasyPHP1-8\www\clari\php\website\paintings\missjuliestrindb.jpg --> www.trailmarker.com /www/1st-soft/preliminary/v5/paintings missjuliestrindb.jpg
2005.09.18 11:00 B C:\Program Files\EasyPHP1-8\www\clari\php\website\paintings\myheartbelongsto.jpg --> www.trailmarker.com /www/1st-soft/preliminary/v5/paintings myheartbelongsto.jpg
2005.09.18 11:00 B C:\Program Files\EasyPHP1-8\www\clari\php\website\paintings\myheartikeepfory.jpg --> www.trailmarker.com /www/1st-soft/preliminary/v5/paintings myheartikeepfory.jpg
2005.09.18 11:00 B C:\Program Files\EasyPHP1-8\www\clari\php\website\paintings\pappaenekdaddyan.jpg --> www.trailmarker.com /www/1st-soft/preliminary/v5/paintings pappaenekdaddyan.jpg
2005.09.18 11:00 B C:\Program Files\EasyPHP1-8\www\clari\php\website\paintings\passion.jpg --> www.trailmarker.com /www/1st-soft/preliminary/v5/paintings passion.jpg
2005.09.18 11:00 B C:\Program Files\EasyPHP1-8\www\clari\php\website\paintings\portrait1.jpg --> www.trailmarker.com /www/1st-soft/preliminary/v5/paintings portrait1.jpg
2005.09.18 11:00 B C:\Program Files\EasyPHP1-8\www\clari\php\website\paintings\portrait2.jpg --> www.trailmarker.com /www/1st-soft/preliminary/v5/paintings portrait2.jpg
2005.09.18 11:00 B C:\Program Files\EasyPHP1-8\www\clari\php\website\paintings\robberofhearts.jpg --> www.trailmarker.com /www/1st-soft/preliminary/v5/paintings robberofhearts.jpg
2005.09.18 11:00 B C:\Program Files\EasyPHP1-8\www\clari\php\website\paintings\sondagmiddagopdi.jpg --> www.trailmarker.com /www/1st-soft/preliminary/v5/paintings sondagmiddagopdi.jpg
2005.09.18 11:00 B C:\Program Files\EasyPHP1-8\www\clari\php\website\paintings\strawberrybliss.jpg --> www.trailmarker.com /www/1st-soft/preliminary/v5/paintings strawberrybliss.jpg
2005.09.18 11:00 B C:\Program Files\EasyPHP1-8\www\clari\php\website\paintings\summerpear.jpg --> www.trailmarker.com /www/1st-soft/preliminary/v5/paintings summerpear.jpg
2005.09.18 11:00 B C:\Program Files\EasyPHP1-8\www\clari\php\website\paintings\theartistdancerm.jpg --> www.trailmarker.com /www/1st-soft/preliminary/v5/paintings theartistdancerm.jpg
2005.09.18 11:00 B C:\Program Files\EasyPHP1-8\www\clari\php\website\paintings\theballerina.jpg --> www.trailmarker.com /www/1st-soft/preliminary/v5/paintings theballerina.jpg
2005.09.18 11:00 B C:\Program Files\EasyPHP1-8\www\clari\php\website\paintings\thebirdcatcher.jpg --> www.trailmarker.com /www/1st-soft/preliminary/v5/paintings thebirdcatcher.jpg
2005.09.18 11:00 B C:\Program Files\EasyPHP1-8\www\clari\php\website\paintings\thedancingbear.jpg --> www.trailmarker.com /www/1st-soft/preliminary/v5/paintings thedancingbear.jpg
2005.09.18 11:00 B C:\Program Files\EasyPHP1-8\www\clari\php\website\paintings\thefish.jpg --> www.trailmarker.com /www/1st-soft/preliminary/v5/paintings thefish.jpg
2005.09.18 11:00 B C:\Program Files\EasyPHP1-8\www\clari\php\website\paintings\thegift.jpg --> www.trailmarker.com /www/1st-soft/preliminary/v5/paintings thegift.jpg
2005.09.18 11:00 B C:\Program Files\EasyPHP1-8\www\clari\php\website\paintings\thelover.jpg --> www.trailmarker.com /www/1st-soft/preliminary/v5/paintings thelover.jpg
2005.09.18 11:00 B C:\Program Files\EasyPHP1-8\www\clari\php\website\paintings\theoracle.jpg --> www.trailmarker.com /www/1st-soft/preliminary/v5/paintings theoracle.jpg
2005.09.18 11:00 B C:\Program Files\EasyPHP1-8\www\clari\php\website\paintings\theprostitute.jpg --> www.trailmarker.com /www/1st-soft/preliminary/v5/paintings theprostitute.jpg
2005.09.18 11:00 B C:\Program Files\EasyPHP1-8\www\clari\php\website\paintings\thepuppetmaster.jpg --> www.trailmarker.com /www/1st-soft/preliminary/v5/paintings thepuppetmaster.jpg
2005.09.18 11:00 B C:\Program Files\EasyPHP1-8\www\clari\php\website\paintings\thequeen.jpg --> www.trailmarker.com /www/1st-soft/preliminary/v5/paintings thequeen.jpg
2005.09.18 11:00 B C:\Program Files\EasyPHP1-8\www\clari\php\website\paintings\thetouch.jpg --> www.trailmarker.com /www/1st-soft/preliminary/v5/paintings thetouch.jpg
2005.09.18 11:00 B C:\Program Files\EasyPHP1-8\www\clari\php\website\paintings\thewarrior.jpg --> www.trailmarker.com /www/1st-soft/preliminary/v5/paintings thewarrior.jpg
2005.09.18 11:00 B C:\Program Files\EasyPHP1-8\www\clari\php\website\paintings\theweddingnight.jpg --> www.trailmarker.com /www/1st-soft/preliminary/v5/paintings theweddingnight.jpg
2005.09.18 11:00 B C:\Program Files\EasyPHP1-8\www\clari\php\website\paintings\thewoundedchild.jpg --> www.trailmarker.com /www/1st-soft/preliminary/v5/paintings thewoundedchild.jpg
2005.09.18 11:01 B C:\Program Files\EasyPHP1-8\www\clari\php\website\paintings\Thumbs.db --> www.trailmarker.com /www/1st-soft/preliminary/v5/paintings Thumbs.db
2005.09.18 11:01 B C:\Program Files\EasyPHP1-8\www\clari\php\website\paintings\tianmetrooihaanr.jpg --> www.trailmarker.com /www/1st-soft/preliminary/v5/paintings tianmetrooihaanr.jpg
2005.09.18 11:01 B C:\Program Files\EasyPHP1-8\www\clari\php\website\paintings\tropicalpinapple.jpg --> www.trailmarker.com /www/1st-soft/preliminary/v5/paintings tropicalpinapple.jpg
2005.09.18 11:01 B C:\Program Files\EasyPHP1-8\www\clari\php\website\paintings\womanwithpoppies.jpg --> www.trailmarker.com /www/1st-soft/preliminary/v5/paintings womanwithpoppies.jpg
2005.09.18 11:01 B C:\Program Files\EasyPHP1-8\www\clari\php\website\paintings\womanwithroses.jpg --> www.trailmarker.com /www/1st-soft/preliminary/v5/paintings womanwithroses.jpg
2005.09.18 11:01 B C:\Program Files\EasyPHP1-8\www\clari\php\website\paintings\WS_FTP.LOG --> www.trailmarker.com /www/1st-soft/preliminary/v5/paintings WS_FTP.LOG
2005.09.18 14:57 B C:\Program Files\EasyPHP1-8\www\clari\php\website\paintings\theartistdancerm.jpg --> www.trailmarker.com /www/1st-soft/preliminary/v5/paintings theartistdancerm.jpg
2005.09.18 14:57 B C:\Program Files\EasyPHP1-8\www\clari\php\website\paintings\thequeen.jpg --> www.trailmarker.com /www/1st-soft/preliminary/v5/paintings thequeen.jpg
2005.09.18 14:57 B C:\Program Files\EasyPHP1-8\www\clari\php\website\paintings\WS_FTP.LOG --> www.trailmarker.com /www/1st-soft/preliminary/v5/paintings WS_FTP.LOG
2005.09.18 15:21 B C:\Program Files\EasyPHP1-8\www\clari\php\website\paintings\puppylove.jpg --> www.trailmarker.com /www/1st-soft/preliminary/v5/paintings puppylove.jpg
2005.09.18 15:21 B C:\Program Files\EasyPHP1-8\www\clari\php\website\paintings\Thumbs.db --> www.trailmarker.com /www/1st-soft/preliminary/v5/paintings Thumbs.db
2005.09.18 15:21 B C:\Program Files\EasyPHP1-8\www\clari\php\website\paintings\WS_FTP.LOG --> www.trailmarker.com /www/1st-soft/preliminary/v5/paintings WS_FTP.LOG
2005.09.18 19:54 B C:\Program Files\EasyPHP1-8\www\clari\php\website\paintings\theartistdancerm.jpg --> www.trailmarker.com /www/1st-soft/preliminary/v5/paintings theartistdancerm.jpg
2005.09.18 19:54 B C:\Program Files\EasyPHP1-8\www\clari\php\website\paintings\thequeen.jpg --> www.trailmarker.com /www/1st-soft/preliminary/v5/paintings thequeen.jpg
2005.09.20 08:40 B C:\Program Files\EasyPHP1-8\www\clari\php\website\paintings\WS_FTP.LOG --> www.trailmarker.com /www/1st-soft/preliminary/v5/paintings WS_FTP.LOG
2005.09.23 18:14 B C:\Program Files\EasyPHP1-8\www\clari\php\website\paintings\alone.jpg --> www.trailmarker.com /public_html/1st-soft/clari/paintings alone.jpg
2005.09.23 18:14 B C:\Program Files\EasyPHP1-8\www\clari\php\website\paintings\appleofmyeye.jpg --> www.trailmarker.com /public_html/1st-soft/clari/paintings appleofmyeye.jpg
2005.09.23 18:14 B C:\Program Files\EasyPHP1-8\www\clari\php\website\paintings\banana.jpg --> www.trailmarker.com /public_html/1st-soft/clari/paintings banana.jpg
2005.09.23 18:14 B C:\Program Files\EasyPHP1-8\www\clari\php\website\paintings\burningbed.jpg --> www.trailmarker.com /public_html/1st-soft/clari/paintings burningbed.jpg
2005.09.23 18:14 B C:\Program Files\EasyPHP1-8\www\clari\php\website\paintings\carnivalofmyhear.jpg --> www.trailmarker.com /public_html/1st-soft/clari/paintings carnivalofmyhear.jpg
2005.09.23 18:14 B C:\Program Files\EasyPHP1-8\www\clari\php\website\paintings\choices.jpg --> www.trailmarker.com /public_html/1st-soft/clari/paintings choices.jpg
2005.09.23 18:14 B C:\Program Files\EasyPHP1-8\www\clari\php\website\paintings\cuppucino.jpg --> www.trailmarker.com /public_html/1st-soft/clari/paintings cuppucino.jpg
2005.09.23 18:14 B C:\Program Files\EasyPHP1-8\www\clari\php\website\paintings\gatekeeperofmyhe.jpg --> www.trailmarker.com /public_html/1st-soft/clari/paintings gatekeeperofmyhe.jpg
2005.09.23 18:14 B C:\Program Files\EasyPHP1-8\www\clari\php\website\paintings\geslotelockedawa.jpg --> www.trailmarker.com /public_html/1st-soft/clari/paintings geslotelockedawa.jpg
2005.09.23 18:14 B C:\Program Files\EasyPHP1-8\www\clari\php\website\paintings\greendanjoupear.jpg --> www.trailmarker.com /public_html/1st-soft/clari/paintings greendanjoupear.jpg
2005.09.23 18:14 B C:\Program Files\EasyPHP1-8\www\clari\php\website\paintings\greensummerpear.jpg --> www.trailmarker.com /public_html/1st-soft/clari/paintings greensummerpear.jpg
2005.09.23 18:14 B C:\Program Files\EasyPHP1-8\www\clari\php\website\paintings\healingmyheart.jpg --> www.trailmarker.com /public_html/1st-soft/clari/paintings healingmyheart.jpg
2005.09.23 18:14 B C:\Program Files\EasyPHP1-8\www\clari\php\website\paintings\iofferyoumyheart.jpg --> www.trailmarker.com /public_html/1st-soft/clari/paintings iofferyoumyheart.jpg
2005.09.23 18:14 B C:\Program Files\EasyPHP1-8\www\clari\php\website\paintings\jugglinghearts.jpg --> www.trailmarker.com /public_html/1st-soft/clari/paintings jugglinghearts.jpg
2005.09.23 18:14 B C:\Program Files\EasyPHP1-8\www\clari\php\website\paintings\lettinggo.jpg --> www.trailmarker.com /public_html/1st-soft/clari/paintings lettinggo.jpg
2005.09.23 18:14 B C:\Program Files\EasyPHP1-8\www\clari\php\website\paintings\lonely.jpg --> www.trailmarker.com /public_html/1st-soft/clari/paintings lonely.jpg
2005.09.23 18:14 B C:\Program Files\EasyPHP1-8\www\clari\php\website\paintings\makasonkelittlep.jpg --> www.trailmarker.com /public_html/1st-soft/clari/paintings makasonkelittlep.jpg
2005.09.23 18:14 B C:\Program Files\EasyPHP1-8\www\clari\php\website\paintings\mammaenekmommyan.jpg --> www.trailmarker.com /public_html/1st-soft/clari/paintings mammaenekmommyan.jpg
2005.09.23 18:14 B C:\Program Files\EasyPHP1-8\www\clari\php\website\paintings\missjuliestrindb.jpg --> www.trailmarker.com /public_html/1st-soft/clari/paintings missjuliestrindb.jpg
2005.09.23 18:14 B C:\Program Files\EasyPHP1-8\www\clari\php\website\paintings\myheartbelongsto.jpg --> www.trailmarker.com /public_html/1st-soft/clari/paintings myheartbelongsto.jpg
2005.09.23 18:14 B C:\Program Files\EasyPHP1-8\www\clari\php\website\paintings\myheartikeepfory.jpg --> www.trailmarker.com /public_html/1st-soft/clari/paintings myheartikeepfory.jpg
2005.09.23 18:14 B C:\Program Files\EasyPHP1-8\www\clari\php\website\paintings\pappaenekdaddyan.jpg --> www.trailmarker.com /public_html/1st-soft/clari/paintings pappaenekdaddyan.jpg
2005.09.23 18:14 B C:\Program Files\EasyPHP1-8\www\clari\php\website\paintings\passion.jpg --> www.trailmarker.com /public_html/1st-soft/clari/paintings passion.jpg
2005.09.23 18:14 B C:\Program Files\EasyPHP1-8\www\clari\php\website\paintings\portrait1.jpg --> www.trailmarker.com /public_html/1st-soft/clari/paintings portrait1.jpg
2005.09.23 18:14 B C:\Program Files\EasyPHP1-8\www\clari\php\website\paintings\portrait2.jpg --> www.trailmarker.com /public_html/1st-soft/clari/paintings portrait2.jpg
2005.09.23 18:14 B C:\Program Files\EasyPHP1-8\www\clari\php\website\paintings\puppylove.jpg --> www.trailmarker.com /public_html/1st-soft/clari/paintings puppylove.jpg
2005.09.23 18:14 B C:\Program Files\EasyPHP1-8\www\clari\php\website\paintings\robberofhearts.jpg --> www.trailmarker.com /public_html/1st-soft/clari/paintings robberofhearts.jpg
2005.09.23 18:14 B C:\Program Files\EasyPHP1-8\www\clari\php\website\paintings\sondagmiddagopdi.jpg --> www.trailmarker.com /public_html/1st-soft/clari/paintings sondagmiddagopdi.jpg
2005.09.23 18:14 B C:\Program Files\EasyPHP1-8\www\clari\php\website\paintings\strawberrybliss.jpg --> www.trailmarker.com /public_html/1st-soft/clari/paintings strawberrybliss.jpg
2005.09.23 18:14 B C:\Program Files\EasyPHP1-8\www\clari\php\website\paintings\summerpear.jpg --> www.trailmarker.com /public_html/1st-soft/clari/paintings summerpear.jpg
2005.09.23 18:14 B C:\Program Files\EasyPHP1-8\www\clari\php\website\paintings\theartistdancerm.jpg --> www.trailmarker.com /public_html/1st-soft/clari/paintings theartistdancerm.jpg
2005.09.23 18:14 B C:\Program Files\EasyPHP1-8\www\clari\php\website\paintings\theballerina.jpg --> www.trailmarker.com /public_html/1st-soft/clari/paintings theballerina.jpg
2005.09.23 18:14 B C:\Program Files\EasyPHP1-8\www\clari\php\website\paintings\thebirdcatcher.jpg --> www.trailmarker.com /public_html/1st-soft/clari/paintings thebirdcatcher.jpg
2005.09.23 18:14 B C:\Program Files\EasyPHP1-8\www\clari\php\website\paintings\thedancingbear.jpg --> www.trailmarker.com /public_html/1st-soft/clari/paintings thedancingbear.jpg
2005.09.23 18:14 B C:\Program Files\EasyPHP1-8\www\clari\php\website\paintings\thefish.jpg --> www.trailmarker.com /public_html/1st-soft/clari/paintings thefish.jpg
2005.09.23 18:14 B C:\Program Files\EasyPHP1-8\www\clari\php\website\paintings\thegift.jpg --> www.trailmarker.com /public_html/1st-soft/clari/paintings thegift.jpg
2005.09.23 18:15 B C:\Program Files\EasyPHP1-8\www\clari\php\website\paintings\thelover.jpg --> www.trailmarker.com /public_html/1st-soft/clari/paintings thelover.jpg
2005.09.23 18:15 B C:\Program Files\EasyPHP1-8\www\clari\php\website\paintings\theoracle.jpg --> www.trailmarker.com /public_html/1st-soft/clari/paintings theoracle.jpg
2005.09.23 18:15 B C:\Program Files\EasyPHP1-8\www\clari\php\website\paintings\theprostitute.jpg --> www.trailmarker.com /public_html/1st-soft/clari/paintings theprostitute.jpg
2005.09.23 18:15 B C:\Program Files\EasyPHP1-8\www\clari\php\website\paintings\thepuppetmaster.jpg --> www.trailmarker.com /public_html/1st-soft/clari/paintings thepuppetmaster.jpg
2005.09.23 18:15 B C:\Program Files\EasyPHP1-8\www\clari\php\website\paintings\thequeen.jpg --> www.trailmarker.com /public_html/1st-soft/clari/paintings thequeen.jpg
2005.09.23 18:15 B C:\Program Files\EasyPHP1-8\www\clari\php\website\paintings\thetouch.jpg --> www.trailmarker.com /public_html/1st-soft/clari/paintings thetouch.jpg
2005.09.23 18:15 B C:\Program Files\EasyPHP1-8\www\clari\php\website\paintings\thewarrior.jpg --> www.trailmarker.com /public_html/1st-soft/clari/paintings thewarrior.jpg
2005.09.23 18:15 B C:\Program Files\EasyPHP1-8\www\clari\php\website\paintings\theweddingnight.jpg --> www.trailmarker.com /public_html/1st-soft/clari/paintings theweddingnight.jpg
2005.09.23 18:15 B C:\Program Files\EasyPHP1-8\www\clari\php\website\paintings\thewoundedchild.jpg --> www.trailmarker.com /public_html/1st-soft/clari/paintings thewoundedchild.jpg
2005.09.23 18:15 B C:\Program Files\EasyPHP1-8\www\clari\php\website\paintings\Thumbs.db --> www.trailmarker.com /public_html/1st-soft/clari/paintings Thumbs.db
2005.09.23 18:15 B C:\Program Files\EasyPHP1-8\www\clari\php\website\paintings\tianmetrooihaanr.jpg --> www.trailmarker.com /public_html/1st-soft/clari/paintings tianmetrooihaanr.jpg
2005.09.23 18:15 B C:\Program Files\EasyPHP1-8\www\clari\php\website\paintings\tropicalpinapple.jpg --> www.trailmarker.com /public_html/1st-soft/clari/paintings tropicalpinapple.jpg
2005.09.23 18:15 B C:\Program Files\EasyPHP1-8\www\clari\php\website\paintings\womanwithpoppies.jpg --> www.trailmarker.com /public_html/1st-soft/clari/paintings womanwithpoppies.jpg
2005.09.23 18:15 B C:\Program Files\EasyPHP1-8\www\clari\php\website\paintings\womanwithroses.jpg --> www.trailmarker.com /public_html/1st-soft/clari/paintings womanwithroses.jpg
2005.09.23 18:15 B C:\Program Files\EasyPHP1-8\www\clari\php\website\paintings\WS_FTP.LOG --> www.trailmarker.com /public_html/1st-soft/clari/paintings WS_FTP.LOG
2005.09.25 18:42 B S:\programs\easyphp\EasyPHP1-8\www\clari\php\website\paintings\WS_FTP.LOG --> www.trailmarker.com /www/1st-soft/clari/paintings WS_FTP.LOG
2005.09.26 14:07 B S:\programs\easyphp\EasyPHP1-8\www\clari\php\website\paintings\alone.jpg --> www.trailmarker.com /www/clarabelle/paintings alone.jpg
2005.09.26 14:07 B S:\programs\easyphp\EasyPHP1-8\www\clari\php\website\paintings\appleofmyeye.jpg --> www.trailmarker.com /www/clarabelle/paintings appleofmyeye.jpg
2005.09.26 14:07 B S:\programs\easyphp\EasyPHP1-8\www\clari\php\website\paintings\banana.jpg --> www.trailmarker.com /www/clarabelle/paintings banana.jpg
2005.09.26 14:07 B S:\programs\easyphp\EasyPHP1-8\www\clari\php\website\paintings\burningbed.jpg --> www.trailmarker.com /www/clarabelle/paintings burningbed.jpg
2005.09.26 14:07 B S:\programs\easyphp\EasyPHP1-8\www\clari\php\website\paintings\carnivalofmyhear.jpg --> www.trailmarker.com /www/clarabelle/paintings carnivalofmyhear.jpg
2005.09.26 14:07 B S:\programs\easyphp\EasyPHP1-8\www\clari\php\website\paintings\choices.jpg --> www.trailmarker.com /www/clarabelle/paintings choices.jpg
2005.09.26 14:07 B S:\programs\easyphp\EasyPHP1-8\www\clari\php\website\paintings\cuppucino.jpg --> www.trailmarker.com /www/clarabelle/paintings cuppucino.jpg
2005.09.26 14:07 B S:\programs\easyphp\EasyPHP1-8\www\clari\php\website\paintings\gatekeeperofmyhe.jpg --> www.trailmarker.com /www/clarabelle/paintings gatekeeperofmyhe.jpg
2005.09.26 14:07 B S:\programs\easyphp\EasyPHP1-8\www\clari\php\website\paintings\geslotelockedawa.jpg --> www.trailmarker.com /www/clarabelle/paintings geslotelockedawa.jpg
2005.09.26 14:07 B S:\programs\easyphp\EasyPHP1-8\www\clari\php\website\paintings\greendanjoupear.jpg --> www.trailmarker.com /www/clarabelle/paintings greendanjoupear.jpg
2005.09.26 14:07 B S:\programs\easyphp\EasyPHP1-8\www\clari\php\website\paintings\greensummerpear.jpg --> www.trailmarker.com /www/clarabelle/paintings greensummerpear.jpg
2005.09.26 14:07 B S:\programs\easyphp\EasyPHP1-8\www\clari\php\website\paintings\healingmyheart.jpg --> www.trailmarker.com /www/clarabelle/paintings healingmyheart.jpg
2005.09.26 14:07 B S:\programs\easyphp\EasyPHP1-8\www\clari\php\website\paintings\iofferyoumyheart.jpg --> www.trailmarker.com /www/clarabelle/paintings iofferyoumyheart.jpg
2005.09.26 14:07 B S:\programs\easyphp\EasyPHP1-8\www\clari\php\website\paintings\jugglinghearts.jpg --> www.trailmarker.com /www/clarabelle/paintings jugglinghearts.jpg
2005.09.26 14:07 B S:\programs\easyphp\EasyPHP1-8\www\clari\php\website\paintings\lettinggo.jpg --> www.trailmarker.com /www/clarabelle/paintings lettinggo.jpg
2005.09.26 14:07 B S:\programs\easyphp\EasyPHP1-8\www\clari\php\website\paintings\lonely.jpg --> www.trailmarker.com /www/clarabelle/paintings lonely.jpg
2005.09.26 14:07 B S:\programs\easyphp\EasyPHP1-8\www\clari\php\website\paintings\makasonkelittlep.jpg --> www.trailmarker.com /www/clarabelle/paintings makasonkelittlep.jpg
2005.09.26 14:07 B S:\programs\easyphp\EasyPHP1-8\www\clari\php\website\paintings\mammaenekmommyan.jpg --> www.trailmarker.com /www/clarabelle/paintings mammaenekmommyan.jpg
2005.09.26 14:07 B S:\programs\easyphp\EasyPHP1-8\www\clari\php\website\paintings\missjuliestrindb.jpg --> www.trailmarker.com /www/clarabelle/paintings missjuliestrindb.jpg
2005.09.26 14:07 B S:\programs\easyphp\EasyPHP1-8\www\clari\php\website\paintings\myheartbelongsto.jpg --> www.trailmarker.com /www/clarabelle/paintings myheartbelongsto.jpg
2005.09.26 14:07 B S:\programs\easyphp\EasyPHP1-8\www\clari\php\website\paintings\myheartikeepfory.jpg --> www.trailmarker.com /www/clarabelle/paintings myheartikeepfory.jpg
2005.09.26 14:07 B S:\programs\easyphp\EasyPHP1-8\www\clari\php\website\paintings\pappaenekdaddyan.jpg --> www.trailmarker.com /www/clarabelle/paintings pappaenekdaddyan.jpg
2005.09.26 14:07 B S:\programs\easyphp\EasyPHP1-8\www\clari\php\website\paintings\passion.jpg --> www.trailmarker.com /www/clarabelle/paintings passion.jpg
2005.09.26 14:07 B S:\programs\easyphp\EasyPHP1-8\www\clari\php\website\paintings\portrait1.jpg --> www.trailmarker.com /www/clarabelle/paintings portrait1.jpg
2005.09.26 14:07 B S:\programs\easyphp\EasyPHP1-8\www\clari\php\website\paintings\portrait2.jpg --> www.trailmarker.com /www/clarabelle/paintings portrait2.jpg
2005.09.26 14:07 B S:\programs\easyphp\EasyPHP1-8\www\clari\php\website\paintings\puppylove.jpg --> www.trailmarker.com /www/clarabelle/paintings puppylove.jpg
2005.09.26 14:07 B S:\programs\easyphp\EasyPHP1-8\www\clari\php\website\paintings\robberofhearts.jpg --> www.trailmarker.com /www/clarabelle/paintings robberofhearts.jpg
2005.09.26 14:07 B S:\programs\easyphp\EasyPHP1-8\www\clari\php\website\paintings\sondagmiddagopdi.jpg --> www.trailmarker.com /www/clarabelle/paintings sondagmiddagopdi.jpg
2005.09.26 14:07 B S:\programs\easyphp\EasyPHP1-8\www\clari\php\website\paintings\strawberrybliss.jpg --> www.trailmarker.com /www/clarabelle/paintings strawberrybliss.jpg
2005.09.26 14:07 B S:\programs\easyphp\EasyPHP1-8\www\clari\php\website\paintings\summerpear.jpg --> www.trailmarker.com /www/clarabelle/paintings summerpear.jpg
2005.09.26 14:07 B S:\programs\easyphp\EasyPHP1-8\www\clari\php\website\paintings\theartistdancerm.jpg --> www.trailmarker.com /www/clarabelle/paintings theartistdancerm.jpg
2005.09.26 14:07 B S:\programs\easyphp\EasyPHP1-8\www\clari\php\website\paintings\theballerina.jpg --> www.trailmarker.com /www/clarabelle/paintings theballerina.jpg
2005.09.26 14:07 B S:\programs\easyphp\EasyPHP1-8\www\clari\php\website\paintings\thebirdcatcher.jpg --> www.trailmarker.com /www/clarabelle/paintings thebirdcatcher.jpg
2005.09.26 14:07 B S:\programs\easyphp\EasyPHP1-8\www\clari\php\website\paintings\thedancingbear.jpg --> www.trailmarker.com /www/clarabelle/paintings thedancingbear.jpg
2005.09.26 14:08 B S:\programs\easyphp\EasyPHP1-8\www\clari\php\website\paintings\thefish.jpg --> www.trailmarker.com /www/clarabelle/paintings thefish.jpg
2005.09.26 14:08 B S:\programs\easyphp\EasyPHP1-8\www\clari\php\website\paintings\thegift.jpg --> www.trailmarker.com /www/clarabelle/paintings thegift.jpg
2005.09.26 14:08 B S:\programs\easyphp\EasyPHP1-8\www\clari\php\website\paintings\thelover.jpg --> www.trailmarker.com /www/clarabelle/paintings thelover.jpg
2005.09.26 14:08 B S:\programs\easyphp\EasyPHP1-8\www\clari\php\website\paintings\theoracle.jpg --> www.trailmarker.com /www/clarabelle/paintings theoracle.jpg
2005.09.26 14:08 B S:\programs\easyphp\EasyPHP1-8\www\clari\php\website\paintings\theprostitute.jpg --> www.trailmarker.com /www/clarabelle/paintings theprostitute.jpg
2005.09.26 14:08 B S:\programs\easyphp\EasyPHP1-8\www\clari\php\website\paintings\thepuppetmaster.jpg --> www.trailmarker.com /www/clarabelle/paintings thepuppetmaster.jpg
2005.09.26 14:08 B S:\programs\easyphp\EasyPHP1-8\www\clari\php\website\paintings\thequeen.jpg --> www.trailmarker.com /www/clarabelle/paintings thequeen.jpg
2005.09.26 14:08 B S:\programs\easyphp\EasyPHP1-8\www\clari\php\website\paintings\thetouch.jpg --> www.trailmarker.com /www/clarabelle/paintings thetouch.jpg
2005.09.26 14:08 B S:\programs\easyphp\EasyPHP1-8\www\clari\php\website\paintings\thewarrior.jpg --> www.trailmarker.com /www/clarabelle/paintings thewarrior.jpg
2005.09.26 14:08 B S:\programs\easyphp\EasyPHP1-8\www\clari\php\website\paintings\theweddingnight.jpg --> www.trailmarker.com /www/clarabelle/paintings theweddingnight.jpg
2005.09.26 14:08 B S:\programs\easyphp\EasyPHP1-8\www\clari\php\website\paintings\thewoundedchild.jpg --> www.trailmarker.com /www/clarabelle/paintings thewoundedchild.jpg
2005.09.26 14:08 B S:\programs\easyphp\EasyPHP1-8\www\clari\php\website\paintings\Thumbs.db --> www.trailmarker.com /www/clarabelle/paintings Thumbs.db
2005.09.26 14:08 B S:\programs\easyphp\EasyPHP1-8\www\clari\php\website\paintings\tianmetrooihaanr.jpg --> www.trailmarker.com /www/clarabelle/paintings tianmetrooihaanr.jpg
2005.09.26 14:08 B S:\programs\easyphp\EasyPHP1-8\www\clari\php\website\paintings\tropicalpinapple.jpg --> www.trailmarker.com /www/clarabelle/paintings tropicalpinapple.jpg
2005.09.26 14:08 B S:\programs\easyphp\EasyPHP1-8\www\clari\php\website\paintings\womanwithpoppies.jpg --> www.trailmarker.com /www/clarabelle/paintings womanwithpoppies.jpg
2005.09.26 14:08 B S:\programs\easyphp\EasyPHP1-8\www\clari\php\website\paintings\womanwithroses.jpg --> www.trailmarker.com /www/clarabelle/paintings womanwithroses.jpg
2005.09.26 14:08 B S:\programs\easyphp\EasyPHP1-8\www\clari\php\website\paintings\WS_FTP.LOG --> www.trailmarker.com /www/clarabelle/paintings WS_FTP.LOG
2005.09.28 18:01 B S:\programs\easyphp\EasyPHP1-8\www\clari\php\website\paintings\WS_FTP.LOG --> www.trailmarker.com /www/clarabelle/paintings WS_FTP.LOG
2006.04.12 20:47 B S:\programs\easyphp\EasyPHP1-8\www\clari\php\website\paintings\driesusters.jpg --> www.trailmarker.com /www/clarabelle/paintings driesusters.jpg
