2005.07.31 22:29 B S:\programs\easyphp\EasyPHP1-8\www\clari\php\website\images\passion.jpg --> www.trailmarker.com /www/1st-soft/preliminary/v2/images passion.jpg
2005.08.06 13:02 B S:\programs\easyphp\EasyPHP1-8\www\clari\php\website\images\3SISTERS.JPG --> www.trailmarker.com /www/1st-soft/preliminary/v2/images 3SISTERS.JPG
2005.08.06 13:02 B S:\programs\easyphp\EasyPHP1-8\www\clari\php\website\images\AEF.PNG --> www.trailmarker.com /www/1st-soft/preliminary/v2/images AEF.PNG
2005.08.06 13:02 B S:\programs\easyphp\EasyPHP1-8\www\clari\php\website\images\AEF_1.JPG --> www.trailmarker.com /www/1st-soft/preliminary/v2/images AEF_1.JPG
2005.08.06 13:02 B S:\programs\easyphp\EasyPHP1-8\www\clari\php\website\images\AEF_2.JPG --> www.trailmarker.com /www/1st-soft/preliminary/v2/images AEF_2.JPG
2005.08.06 13:03 B S:\programs\easyphp\EasyPHP1-8\www\clari\php\website\images\AEF_3.JPG --> www.trailmarker.com /www/1st-soft/preliminary/v2/images AEF_3.JPG
2005.08.06 13:03 B S:\programs\easyphp\EasyPHP1-8\www\clari\php\website\images\ARCHDIGE.JPG --> www.trailmarker.com /www/1st-soft/preliminary/v2/images ARCHDIGE.JPG
2005.08.06 13:03 B S:\programs\easyphp\EasyPHP1-8\www\clari\php\website\images\ARTWORLD.JPG --> www.trailmarker.com /www/1st-soft/preliminary/v2/images ARTWORLD.JPG
2005.08.06 13:03 B S:\programs\easyphp\EasyPHP1-8\www\clari\php\website\images\CD13.JPG --> www.trailmarker.com /www/1st-soft/preliminary/v2/images CD13.JPG
2005.08.06 13:03 B S:\programs\easyphp\EasyPHP1-8\www\clari\php\website\images\CD28.JPG --> www.trailmarker.com /www/1st-soft/preliminary/v2/images CD28.JPG
2005.08.06 13:03 B S:\programs\easyphp\EasyPHP1-8\www\clari\php\website\images\clari.jpg --> www.trailmarker.com /www/1st-soft/preliminary/v2/images clari.jpg
2005.08.06 13:03 B S:\programs\easyphp\EasyPHP1-8\www\clari\php\website\images\COSMO9.JPG --> www.trailmarker.com /www/1st-soft/preliminary/v2/images COSMO9.JPG
2005.08.06 13:03 B S:\programs\easyphp\EasyPHP1-8\www\clari\php\website\images\ETN.PNG --> www.trailmarker.com /www/1st-soft/preliminary/v2/images ETN.PNG
2005.08.06 13:03 B S:\programs\easyphp\EasyPHP1-8\www\clari\php\website\images\ETN_1.JPG --> www.trailmarker.com /www/1st-soft/preliminary/v2/images ETN_1.JPG
2005.08.06 13:03 B S:\programs\easyphp\EasyPHP1-8\www\clari\php\website\images\ETN_2.JPG --> www.trailmarker.com /www/1st-soft/preliminary/v2/images ETN_2.JPG
2005.08.06 13:03 B S:\programs\easyphp\EasyPHP1-8\www\clari\php\website\images\FANS_FOR.JPG --> www.trailmarker.com /www/1st-soft/preliminary/v2/images FANS_FOR.JPG
2005.08.06 13:03 B S:\programs\easyphp\EasyPHP1-8\www\clari\php\website\images\KENNEDY3.JPG --> www.trailmarker.com /www/1st-soft/preliminary/v2/images KENNEDY3.JPG
2005.08.06 13:03 B S:\programs\easyphp\EasyPHP1-8\www\clari\php\website\images\MISTER_S.JPG --> www.trailmarker.com /www/1st-soft/preliminary/v2/images MISTER_S.JPG
2005.08.06 13:03 B S:\programs\easyphp\EasyPHP1-8\www\clari\php\website\images\PUPPET_W.JPG --> www.trailmarker.com /www/1st-soft/preliminary/v2/images PUPPET_W.JPG
2005.08.06 13:03 B S:\programs\easyphp\EasyPHP1-8\www\clari\php\website\images\PUPPETS5.JPG --> www.trailmarker.com /www/1st-soft/preliminary/v2/images PUPPETS5.JPG
2005.08.06 13:03 B S:\programs\easyphp\EasyPHP1-8\www\clari\php\website\images\SOUTH_AF.JPG --> www.trailmarker.com /www/1st-soft/preliminary/v2/images SOUTH_AF.JPG
2005.08.06 13:03 B S:\programs\easyphp\EasyPHP1-8\www\clari\php\website\images\STVINCEN.JPG --> www.trailmarker.com /www/1st-soft/preliminary/v2/images STVINCEN.JPG
2005.08.06 13:03 B S:\programs\easyphp\EasyPHP1-8\www\clari\php\website\images\TRIBUNE5.JPG --> www.trailmarker.com /www/1st-soft/preliminary/v2/images TRIBUNE5.JPG
2005.08.06 13:03 B S:\programs\easyphp\EasyPHP1-8\www\clari\php\website\images\WS_FTP.LOG --> www.trailmarker.com /www/1st-soft/preliminary/v2/images WS_FTP.LOG
2005.08.13 12:16 B S:\programs\easyphp\EasyPHP1-8\www\clari\php\website\images\WS_FTP.LOG --> www.trailmarker.com /www/1st-soft/preliminary/v2/images WS_FTP.LOG
2005.08.14 16:15 B S:\programs\easyphp\EasyPHP1-8\www\clari\php\website\images\WS_FTP.LOG --> www.trailmarker.com /www/1st-soft/preliminary/v2/images WS_FTP.LOG
2005.08.21 17:32 B S:\programs\easyphp\EasyPHP1-8\www\clari\php\website\images\WS_FTP.LOG --> www.trailmarker.com /www/1st-soft/preliminary/v2/images WS_FTP.LOG
2005.09.04 12:52 B S:\programs\easyphp\EasyPHP1-8\www\clari\php\website\images\WS_FTP.LOG --> www.trailmarker.com /www/1st-soft/preliminary/v2/images WS_FTP.LOG
2005.09.04 14:02 B S:\programs\easyphp\EasyPHP1-8\www\clari\php\website\images\WS_FTP.LOG --> www.trailmarker.com /www/1st-soft/preliminary/v2/images WS_FTP.LOG
2005.09.04 16:29 B S:\programs\easyphp\EasyPHP1-8\www\clari\php\website\images\3SISTERS.JPG --> www.trailmarker.com /www/1st-soft/preliminary/v3/images 3SISTERS.JPG
2005.09.04 16:30 B S:\programs\easyphp\EasyPHP1-8\www\clari\php\website\images\AEF.PNG --> www.trailmarker.com /www/1st-soft/preliminary/v3/images AEF.PNG
2005.09.04 16:30 B S:\programs\easyphp\EasyPHP1-8\www\clari\php\website\images\AEF_1.JPG --> www.trailmarker.com /www/1st-soft/preliminary/v3/images AEF_1.JPG
2005.09.04 16:30 B S:\programs\easyphp\EasyPHP1-8\www\clari\php\website\images\AEF_2.JPG --> www.trailmarker.com /www/1st-soft/preliminary/v3/images AEF_2.JPG
2005.09.04 16:30 B S:\programs\easyphp\EasyPHP1-8\www\clari\php\website\images\AEF_3.JPG --> www.trailmarker.com /www/1st-soft/preliminary/v3/images AEF_3.JPG
2005.09.04 16:30 B S:\programs\easyphp\EasyPHP1-8\www\clari\php\website\images\ARCHDIGE.JPG --> www.trailmarker.com /www/1st-soft/preliminary/v3/images ARCHDIGE.JPG
2005.09.04 16:30 B S:\programs\easyphp\EasyPHP1-8\www\clari\php\website\images\ARTWORLD.JPG --> www.trailmarker.com /www/1st-soft/preliminary/v3/images ARTWORLD.JPG
2005.09.04 16:30 B S:\programs\easyphp\EasyPHP1-8\www\clari\php\website\images\CD13.JPG --> www.trailmarker.com /www/1st-soft/preliminary/v3/images CD13.JPG
2005.09.04 16:30 B S:\programs\easyphp\EasyPHP1-8\www\clari\php\website\images\CD28.JPG --> www.trailmarker.com /www/1st-soft/preliminary/v3/images CD28.JPG
2005.09.04 16:30 B S:\programs\easyphp\EasyPHP1-8\www\clari\php\website\images\clari.jpg --> www.trailmarker.com /www/1st-soft/preliminary/v3/images clari.jpg
2005.09.04 16:30 B S:\programs\easyphp\EasyPHP1-8\www\clari\php\website\images\COSMO9.JPG --> www.trailmarker.com /www/1st-soft/preliminary/v3/images COSMO9.JPG
2005.09.04 16:30 B S:\programs\easyphp\EasyPHP1-8\www\clari\php\website\images\ETN.PNG --> www.trailmarker.com /www/1st-soft/preliminary/v3/images ETN.PNG
2005.09.04 16:30 B S:\programs\easyphp\EasyPHP1-8\www\clari\php\website\images\ETN_1.JPG --> www.trailmarker.com /www/1st-soft/preliminary/v3/images ETN_1.JPG
2005.09.04 16:30 B S:\programs\easyphp\EasyPHP1-8\www\clari\php\website\images\ETN_2.JPG --> www.trailmarker.com /www/1st-soft/preliminary/v3/images ETN_2.JPG
2005.09.04 16:30 B S:\programs\easyphp\EasyPHP1-8\www\clari\php\website\images\FANS_FOR.JPG --> www.trailmarker.com /www/1st-soft/preliminary/v3/images FANS_FOR.JPG
2005.09.04 16:30 B S:\programs\easyphp\EasyPHP1-8\www\clari\php\website\images\KENNEDY3.JPG --> www.trailmarker.com /www/1st-soft/preliminary/v3/images KENNEDY3.JPG
2005.09.04 16:30 B S:\programs\easyphp\EasyPHP1-8\www\clari\php\website\images\MISTER_S.JPG --> www.trailmarker.com /www/1st-soft/preliminary/v3/images MISTER_S.JPG
2005.09.04 16:30 B S:\programs\easyphp\EasyPHP1-8\www\clari\php\website\images\PUPPET_W.JPG --> www.trailmarker.com /www/1st-soft/preliminary/v3/images PUPPET_W.JPG
2005.09.04 16:30 B S:\programs\easyphp\EasyPHP1-8\www\clari\php\website\images\PUPPETS5.JPG --> www.trailmarker.com /www/1st-soft/preliminary/v3/images PUPPETS5.JPG
2005.09.04 16:30 B S:\programs\easyphp\EasyPHP1-8\www\clari\php\website\images\SOUTH_AF.JPG --> www.trailmarker.com /www/1st-soft/preliminary/v3/images SOUTH_AF.JPG
2005.09.04 16:30 B S:\programs\easyphp\EasyPHP1-8\www\clari\php\website\images\STVINCEN.JPG --> www.trailmarker.com /www/1st-soft/preliminary/v3/images STVINCEN.JPG
2005.09.04 16:30 B S:\programs\easyphp\EasyPHP1-8\www\clari\php\website\images\TRIBUNE5.JPG --> www.trailmarker.com /www/1st-soft/preliminary/v3/images TRIBUNE5.JPG
2005.09.04 16:30 B S:\programs\easyphp\EasyPHP1-8\www\clari\php\website\images\WS_FTP.LOG --> www.trailmarker.com /www/1st-soft/preliminary/v3/images WS_FTP.LOG
2005.09.06 19:17 B S:\programs\easyphp\EasyPHP1-8\www\clari\php\website\images\WS_FTP.LOG --> www.trailmarker.com /www/1st-soft/preliminary/v3/images WS_FTP.LOG
2005.09.06 20:37 B S:\programs\easyphp\EasyPHP1-8\www\clari\php\website\images\WS_FTP.LOG --> www.trailmarker.com /www/1st-soft/preliminary/v3/images WS_FTP.LOG
2005.09.10 11:22 B C:\Program Files\EasyPHP1-8\www\clari\php\website\images\3SISTERS.JPG --> www.trailmarker.com /www/1st-soft/preliminary/v4/images 3SISTERS.JPG
2005.09.10 11:22 B C:\Program Files\EasyPHP1-8\www\clari\php\website\images\AEF.PNG --> www.trailmarker.com /www/1st-soft/preliminary/v4/images AEF.PNG
2005.09.10 11:22 B C:\Program Files\EasyPHP1-8\www\clari\php\website\images\AEF_1.JPG --> www.trailmarker.com /www/1st-soft/preliminary/v4/images AEF_1.JPG
2005.09.10 11:22 B C:\Program Files\EasyPHP1-8\www\clari\php\website\images\AEF_2.JPG --> www.trailmarker.com /www/1st-soft/preliminary/v4/images AEF_2.JPG
2005.09.10 11:22 B C:\Program Files\EasyPHP1-8\www\clari\php\website\images\AEF_3.JPG --> www.trailmarker.com /www/1st-soft/preliminary/v4/images AEF_3.JPG
2005.09.10 11:22 B C:\Program Files\EasyPHP1-8\www\clari\php\website\images\ARCHDIGE.JPG --> www.trailmarker.com /www/1st-soft/preliminary/v4/images ARCHDIGE.JPG
2005.09.10 11:22 B C:\Program Files\EasyPHP1-8\www\clari\php\website\images\ARTWORLD.JPG --> www.trailmarker.com /www/1st-soft/preliminary/v4/images ARTWORLD.JPG
2005.09.10 11:22 B C:\Program Files\EasyPHP1-8\www\clari\php\website\images\CD13.JPG --> www.trailmarker.com /www/1st-soft/preliminary/v4/images CD13.JPG
2005.09.10 11:22 B C:\Program Files\EasyPHP1-8\www\clari\php\website\images\CD28.JPG --> www.trailmarker.com /www/1st-soft/preliminary/v4/images CD28.JPG
2005.09.10 11:22 B C:\Program Files\EasyPHP1-8\www\clari\php\website\images\clari.jpg --> www.trailmarker.com /www/1st-soft/preliminary/v4/images clari.jpg
2005.09.10 11:22 B C:\Program Files\EasyPHP1-8\www\clari\php\website\images\COSMO9.JPG --> www.trailmarker.com /www/1st-soft/preliminary/v4/images COSMO9.JPG
2005.09.10 11:22 B C:\Program Files\EasyPHP1-8\www\clari\php\website\images\ETN.PNG --> www.trailmarker.com /www/1st-soft/preliminary/v4/images ETN.PNG
2005.09.10 11:22 B C:\Program Files\EasyPHP1-8\www\clari\php\website\images\ETN_1.JPG --> www.trailmarker.com /www/1st-soft/preliminary/v4/images ETN_1.JPG
2005.09.10 11:23 B C:\Program Files\EasyPHP1-8\www\clari\php\website\images\ETN_2.JPG --> www.trailmarker.com /www/1st-soft/preliminary/v4/images ETN_2.JPG
2005.09.10 11:23 B C:\Program Files\EasyPHP1-8\www\clari\php\website\images\FANS_FOR.JPG --> www.trailmarker.com /www/1st-soft/preliminary/v4/images FANS_FOR.JPG
2005.09.10 11:23 B C:\Program Files\EasyPHP1-8\www\clari\php\website\images\KENNEDY3.JPG --> www.trailmarker.com /www/1st-soft/preliminary/v4/images KENNEDY3.JPG
2005.09.10 11:23 B C:\Program Files\EasyPHP1-8\www\clari\php\website\images\MISTER_S.JPG --> www.trailmarker.com /www/1st-soft/preliminary/v4/images MISTER_S.JPG
2005.09.10 11:23 B C:\Program Files\EasyPHP1-8\www\clari\php\website\images\PUPPET_W.JPG --> www.trailmarker.com /www/1st-soft/preliminary/v4/images PUPPET_W.JPG
2005.09.10 11:23 B C:\Program Files\EasyPHP1-8\www\clari\php\website\images\PUPPETS5.JPG --> www.trailmarker.com /www/1st-soft/preliminary/v4/images PUPPETS5.JPG
2005.09.10 11:23 B C:\Program Files\EasyPHP1-8\www\clari\php\website\images\SOUTH_AF.JPG --> www.trailmarker.com /www/1st-soft/preliminary/v4/images SOUTH_AF.JPG
2005.09.10 11:23 B C:\Program Files\EasyPHP1-8\www\clari\php\website\images\STVINCEN.JPG --> www.trailmarker.com /www/1st-soft/preliminary/v4/images STVINCEN.JPG
2005.09.10 11:23 B C:\Program Files\EasyPHP1-8\www\clari\php\website\images\TRIBUNE5.JPG --> www.trailmarker.com /www/1st-soft/preliminary/v4/images TRIBUNE5.JPG
2005.09.10 11:23 B C:\Program Files\EasyPHP1-8\www\clari\php\website\images\WS_FTP.LOG --> www.trailmarker.com /www/1st-soft/preliminary/v4/images WS_FTP.LOG
2005.09.10 18:44 B C:\Program Files\EasyPHP1-8\www\clari\php\website\images\WS_FTP.LOG --> www.trailmarker.com /www/1st-soft/preliminary/v4/images WS_FTP.LOG
2005.09.11 18:18 B C:\Program Files\EasyPHP1-8\www\clari\php\website\images\WS_FTP.LOG --> www.trailmarker.com /www/1st-soft/preliminary/v4/images WS_FTP.LOG
2005.09.13 17:56 B C:\Program Files\EasyPHP1-8\www\clari\php\website\images\WS_FTP.LOG --> www.trailmarker.com /www/1st-soft/preliminary/v4/images WS_FTP.LOG
2005.09.16 18:21 B C:\Program Files\EasyPHP1-8\www\clari\php\website\images\WS_FTP.LOG --> www.trailmarker.com /www/1st-soft/preliminary/v4/images WS_FTP.LOG
2005.09.18 10:59 B C:\Program Files\EasyPHP1-8\www\clari\php\website\images\3SISTERS.JPG --> www.trailmarker.com /www/1st-soft/preliminary/v5/images 3SISTERS.JPG
2005.09.18 10:59 B C:\Program Files\EasyPHP1-8\www\clari\php\website\images\AEF.PNG --> www.trailmarker.com /www/1st-soft/preliminary/v5/images AEF.PNG
2005.09.18 10:59 B C:\Program Files\EasyPHP1-8\www\clari\php\website\images\AEF_1.JPG --> www.trailmarker.com /www/1st-soft/preliminary/v5/images AEF_1.JPG
2005.09.18 10:59 B C:\Program Files\EasyPHP1-8\www\clari\php\website\images\AEF_2.JPG --> www.trailmarker.com /www/1st-soft/preliminary/v5/images AEF_2.JPG
2005.09.18 10:59 B C:\Program Files\EasyPHP1-8\www\clari\php\website\images\AEF_3.JPG --> www.trailmarker.com /www/1st-soft/preliminary/v5/images AEF_3.JPG
2005.09.18 10:59 B C:\Program Files\EasyPHP1-8\www\clari\php\website\images\ARCHDIGE.JPG --> www.trailmarker.com /www/1st-soft/preliminary/v5/images ARCHDIGE.JPG
2005.09.18 10:59 B C:\Program Files\EasyPHP1-8\www\clari\php\website\images\ARTWORLD.JPG --> www.trailmarker.com /www/1st-soft/preliminary/v5/images ARTWORLD.JPG
2005.09.18 10:59 B C:\Program Files\EasyPHP1-8\www\clari\php\website\images\CD13.JPG --> www.trailmarker.com /www/1st-soft/preliminary/v5/images CD13.JPG
2005.09.18 10:59 B C:\Program Files\EasyPHP1-8\www\clari\php\website\images\CD28.JPG --> www.trailmarker.com /www/1st-soft/preliminary/v5/images CD28.JPG
2005.09.18 10:59 B C:\Program Files\EasyPHP1-8\www\clari\php\website\images\clari.jpg --> www.trailmarker.com /www/1st-soft/preliminary/v5/images clari.jpg
2005.09.18 10:59 B C:\Program Files\EasyPHP1-8\www\clari\php\website\images\COSMO9.JPG --> www.trailmarker.com /www/1st-soft/preliminary/v5/images COSMO9.JPG
2005.09.18 10:59 B C:\Program Files\EasyPHP1-8\www\clari\php\website\images\ETN.PNG --> www.trailmarker.com /www/1st-soft/preliminary/v5/images ETN.PNG
2005.09.18 10:59 B C:\Program Files\EasyPHP1-8\www\clari\php\website\images\ETN_1.JPG --> www.trailmarker.com /www/1st-soft/preliminary/v5/images ETN_1.JPG
2005.09.18 10:59 B C:\Program Files\EasyPHP1-8\www\clari\php\website\images\ETN_2.JPG --> www.trailmarker.com /www/1st-soft/preliminary/v5/images ETN_2.JPG
2005.09.18 10:59 B C:\Program Files\EasyPHP1-8\www\clari\php\website\images\FANS_FOR.JPG --> www.trailmarker.com /www/1st-soft/preliminary/v5/images FANS_FOR.JPG
2005.09.18 10:59 B C:\Program Files\EasyPHP1-8\www\clari\php\website\images\KENNEDY3.JPG --> www.trailmarker.com /www/1st-soft/preliminary/v5/images KENNEDY3.JPG
2005.09.18 10:59 B C:\Program Files\EasyPHP1-8\www\clari\php\website\images\MISTER_S.JPG --> www.trailmarker.com /www/1st-soft/preliminary/v5/images MISTER_S.JPG
2005.09.18 10:59 B C:\Program Files\EasyPHP1-8\www\clari\php\website\images\PUPPET_W.JPG --> www.trailmarker.com /www/1st-soft/preliminary/v5/images PUPPET_W.JPG
2005.09.18 10:59 B C:\Program Files\EasyPHP1-8\www\clari\php\website\images\PUPPETS5.JPG --> www.trailmarker.com /www/1st-soft/preliminary/v5/images PUPPETS5.JPG
2005.09.18 11:00 B C:\Program Files\EasyPHP1-8\www\clari\php\website\images\SOUTH_AF.JPG --> www.trailmarker.com /www/1st-soft/preliminary/v5/images SOUTH_AF.JPG
2005.09.18 11:00 B C:\Program Files\EasyPHP1-8\www\clari\php\website\images\STVINCEN.JPG --> www.trailmarker.com /www/1st-soft/preliminary/v5/images STVINCEN.JPG
2005.09.18 11:00 B C:\Program Files\EasyPHP1-8\www\clari\php\website\images\TRIBUNE5.JPG --> www.trailmarker.com /www/1st-soft/preliminary/v5/images TRIBUNE5.JPG
2005.09.18 11:00 B C:\Program Files\EasyPHP1-8\www\clari\php\website\images\WS_FTP.LOG --> www.trailmarker.com /www/1st-soft/preliminary/v5/images WS_FTP.LOG
2005.09.18 14:57 B C:\Program Files\EasyPHP1-8\www\clari\php\website\images\WS_FTP.LOG --> www.trailmarker.com /www/1st-soft/preliminary/v5/images WS_FTP.LOG
2005.09.18 15:21 B C:\Program Files\EasyPHP1-8\www\clari\php\website\images\Thumbs.db --> www.trailmarker.com /www/1st-soft/preliminary/v5/images Thumbs.db
2005.09.18 15:21 B C:\Program Files\EasyPHP1-8\www\clari\php\website\images\WS_FTP.LOG --> www.trailmarker.com /www/1st-soft/preliminary/v5/images WS_FTP.LOG
2005.09.20 08:40 B C:\Program Files\EasyPHP1-8\www\clari\php\website\images\WS_FTP.LOG --> www.trailmarker.com /www/1st-soft/preliminary/v5/images WS_FTP.LOG
2005.09.23 18:13 B C:\Program Files\EasyPHP1-8\www\clari\php\website\images\3SISTERS.JPG --> www.trailmarker.com /public_html/1st-soft/clari/images 3SISTERS.JPG
2005.09.23 18:13 B C:\Program Files\EasyPHP1-8\www\clari\php\website\images\AEF.PNG --> www.trailmarker.com /public_html/1st-soft/clari/images AEF.PNG
2005.09.23 18:13 B C:\Program Files\EasyPHP1-8\www\clari\php\website\images\AEF_1.JPG --> www.trailmarker.com /public_html/1st-soft/clari/images AEF_1.JPG
2005.09.23 18:13 B C:\Program Files\EasyPHP1-8\www\clari\php\website\images\AEF_2.JPG --> www.trailmarker.com /public_html/1st-soft/clari/images AEF_2.JPG
2005.09.23 18:13 B C:\Program Files\EasyPHP1-8\www\clari\php\website\images\AEF_3.JPG --> www.trailmarker.com /public_html/1st-soft/clari/images AEF_3.JPG
2005.09.23 18:13 B C:\Program Files\EasyPHP1-8\www\clari\php\website\images\ARCHDIGE.JPG --> www.trailmarker.com /public_html/1st-soft/clari/images ARCHDIGE.JPG
2005.09.23 18:13 B C:\Program Files\EasyPHP1-8\www\clari\php\website\images\ARTWORLD.JPG --> www.trailmarker.com /public_html/1st-soft/clari/images ARTWORLD.JPG
2005.09.23 18:13 B C:\Program Files\EasyPHP1-8\www\clari\php\website\images\CD13.JPG --> www.trailmarker.com /public_html/1st-soft/clari/images CD13.JPG
2005.09.23 18:13 B C:\Program Files\EasyPHP1-8\www\clari\php\website\images\CD28.JPG --> www.trailmarker.com /public_html/1st-soft/clari/images CD28.JPG
2005.09.23 18:13 B C:\Program Files\EasyPHP1-8\www\clari\php\website\images\clari.jpg --> www.trailmarker.com /public_html/1st-soft/clari/images clari.jpg
2005.09.23 18:13 B C:\Program Files\EasyPHP1-8\www\clari\php\website\images\COSMO9.JPG --> www.trailmarker.com /public_html/1st-soft/clari/images COSMO9.JPG
2005.09.23 18:13 B C:\Program Files\EasyPHP1-8\www\clari\php\website\images\ETN.PNG --> www.trailmarker.com /public_html/1st-soft/clari/images ETN.PNG
2005.09.23 18:13 B C:\Program Files\EasyPHP1-8\www\clari\php\website\images\ETN_1.JPG --> www.trailmarker.com /public_html/1st-soft/clari/images ETN_1.JPG
2005.09.23 18:13 B C:\Program Files\EasyPHP1-8\www\clari\php\website\images\ETN_2.JPG --> www.trailmarker.com /public_html/1st-soft/clari/images ETN_2.JPG
2005.09.23 18:13 B C:\Program Files\EasyPHP1-8\www\clari\php\website\images\FANS_FOR.JPG --> www.trailmarker.com /public_html/1st-soft/clari/images FANS_FOR.JPG
2005.09.23 18:13 B C:\Program Files\EasyPHP1-8\www\clari\php\website\images\KENNEDY3.JPG --> www.trailmarker.com /public_html/1st-soft/clari/images KENNEDY3.JPG
2005.09.23 18:13 B C:\Program Files\EasyPHP1-8\www\clari\php\website\images\MISTER_S.JPG --> www.trailmarker.com /public_html/1st-soft/clari/images MISTER_S.JPG
2005.09.23 18:13 B C:\Program Files\EasyPHP1-8\www\clari\php\website\images\PUPPET_W.JPG --> www.trailmarker.com /public_html/1st-soft/clari/images PUPPET_W.JPG
2005.09.23 18:13 B C:\Program Files\EasyPHP1-8\www\clari\php\website\images\PUPPETS5.JPG --> www.trailmarker.com /public_html/1st-soft/clari/images PUPPETS5.JPG
2005.09.23 18:14 B C:\Program Files\EasyPHP1-8\www\clari\php\website\images\SOUTH_AF.JPG --> www.trailmarker.com /public_html/1st-soft/clari/images SOUTH_AF.JPG
2005.09.23 18:14 B C:\Program Files\EasyPHP1-8\www\clari\php\website\images\STVINCEN.JPG --> www.trailmarker.com /public_html/1st-soft/clari/images STVINCEN.JPG
2005.09.23 18:14 B C:\Program Files\EasyPHP1-8\www\clari\php\website\images\Thumbs.db --> www.trailmarker.com /public_html/1st-soft/clari/images Thumbs.db
2005.09.23 18:14 B C:\Program Files\EasyPHP1-8\www\clari\php\website\images\TRIBUNE5.JPG --> www.trailmarker.com /public_html/1st-soft/clari/images TRIBUNE5.JPG
2005.09.23 18:14 B C:\Program Files\EasyPHP1-8\www\clari\php\website\images\WS_FTP.LOG --> www.trailmarker.com /public_html/1st-soft/clari/images WS_FTP.LOG
2005.09.25 18:42 B S:\programs\easyphp\EasyPHP1-8\www\clari\php\website\images\WS_FTP.LOG --> www.trailmarker.com /www/1st-soft/clari/images WS_FTP.LOG
2005.09.26 14:06 B S:\programs\easyphp\EasyPHP1-8\www\clari\php\website\images\3SISTERS.JPG --> www.trailmarker.com /www/clarabelle/images 3SISTERS.JPG
2005.09.26 14:06 B S:\programs\easyphp\EasyPHP1-8\www\clari\php\website\images\AEF.PNG --> www.trailmarker.com /www/clarabelle/images AEF.PNG
2005.09.26 14:06 B S:\programs\easyphp\EasyPHP1-8\www\clari\php\website\images\AEF_1.JPG --> www.trailmarker.com /www/clarabelle/images AEF_1.JPG
2005.09.26 14:06 B S:\programs\easyphp\EasyPHP1-8\www\clari\php\website\images\AEF_2.JPG --> www.trailmarker.com /www/clarabelle/images AEF_2.JPG
2005.09.26 14:06 B S:\programs\easyphp\EasyPHP1-8\www\clari\php\website\images\AEF_3.JPG --> www.trailmarker.com /www/clarabelle/images AEF_3.JPG
2005.09.26 14:06 B S:\programs\easyphp\EasyPHP1-8\www\clari\php\website\images\ARCHDIGE.JPG --> www.trailmarker.com /www/clarabelle/images ARCHDIGE.JPG
2005.09.26 14:06 B S:\programs\easyphp\EasyPHP1-8\www\clari\php\website\images\ARTWORLD.JPG --> www.trailmarker.com /www/clarabelle/images ARTWORLD.JPG
2005.09.26 14:06 B S:\programs\easyphp\EasyPHP1-8\www\clari\php\website\images\CD13.JPG --> www.trailmarker.com /www/clarabelle/images CD13.JPG
2005.09.26 14:06 B S:\programs\easyphp\EasyPHP1-8\www\clari\php\website\images\CD28.JPG --> www.trailmarker.com /www/clarabelle/images CD28.JPG
2005.09.26 14:06 B S:\programs\easyphp\EasyPHP1-8\www\clari\php\website\images\clari.jpg --> www.trailmarker.com /www/clarabelle/images clari.jpg
2005.09.26 14:06 B S:\programs\easyphp\EasyPHP1-8\www\clari\php\website\images\COSMO9.JPG --> www.trailmarker.com /www/clarabelle/images COSMO9.JPG
2005.09.26 14:06 B S:\programs\easyphp\EasyPHP1-8\www\clari\php\website\images\ETN.PNG --> www.trailmarker.com /www/clarabelle/images ETN.PNG
2005.09.26 14:06 B S:\programs\easyphp\EasyPHP1-8\www\clari\php\website\images\ETN_1.JPG --> www.trailmarker.com /www/clarabelle/images ETN_1.JPG
2005.09.26 14:06 B S:\programs\easyphp\EasyPHP1-8\www\clari\php\website\images\ETN_2.JPG --> www.trailmarker.com /www/clarabelle/images ETN_2.JPG
2005.09.26 14:06 B S:\programs\easyphp\EasyPHP1-8\www\clari\php\website\images\FANS_FOR.JPG --> www.trailmarker.com /www/clarabelle/images FANS_FOR.JPG
2005.09.26 14:06 B S:\programs\easyphp\EasyPHP1-8\www\clari\php\website\images\KENNEDY3.JPG --> www.trailmarker.com /www/clarabelle/images KENNEDY3.JPG
2005.09.26 14:06 B S:\programs\easyphp\EasyPHP1-8\www\clari\php\website\images\MISTER_S.JPG --> www.trailmarker.com /www/clarabelle/images MISTER_S.JPG
2005.09.26 14:06 B S:\programs\easyphp\EasyPHP1-8\www\clari\php\website\images\PUPPET_W.JPG --> www.trailmarker.com /www/clarabelle/images PUPPET_W.JPG
2005.09.26 14:06 B S:\programs\easyphp\EasyPHP1-8\www\clari\php\website\images\PUPPETS5.JPG --> www.trailmarker.com /www/clarabelle/images PUPPETS5.JPG
2005.09.26 14:06 B S:\programs\easyphp\EasyPHP1-8\www\clari\php\website\images\SOUTH_AF.JPG --> www.trailmarker.com /www/clarabelle/images SOUTH_AF.JPG
2005.09.26 14:07 B S:\programs\easyphp\EasyPHP1-8\www\clari\php\website\images\STVINCEN.JPG --> www.trailmarker.com /www/clarabelle/images STVINCEN.JPG
2005.09.26 14:07 B S:\programs\easyphp\EasyPHP1-8\www\clari\php\website\images\Thumbs.db --> www.trailmarker.com /www/clarabelle/images Thumbs.db
2005.09.26 14:07 B S:\programs\easyphp\EasyPHP1-8\www\clari\php\website\images\TRIBUNE5.JPG --> www.trailmarker.com /www/clarabelle/images TRIBUNE5.JPG
2005.09.26 14:07 B S:\programs\easyphp\EasyPHP1-8\www\clari\php\website\images\WS_FTP.LOG --> www.trailmarker.com /www/clarabelle/images WS_FTP.LOG
2005.09.28 18:01 B S:\programs\easyphp\EasyPHP1-8\www\clari\php\website\images\WS_FTP.LOG --> www.trailmarker.com /www/clarabelle/images WS_FTP.LOG
