2005.07.31 22:29 B S:\programs\easyphp\EasyPHP1-8\www\clari\php\website\thumbs\carnivalofmyhear.jpg --> www.trailmarker.com /www/1st-soft/preliminary/v2/thumbs carnivalofmyhear.jpg
2005.07.31 22:29 B S:\programs\easyphp\EasyPHP1-8\www\clari\php\website\thumbs\gatekeeperofmyhe.jpg --> www.trailmarker.com /www/1st-soft/preliminary/v2/thumbs gatekeeperofmyhe.jpg
2005.07.31 22:29 B S:\programs\easyphp\EasyPHP1-8\www\clari\php\website\thumbs\geslotelockedawa.jpg --> www.trailmarker.com /www/1st-soft/preliminary/v2/thumbs geslotelockedawa.jpg
2005.07.31 22:29 B S:\programs\easyphp\EasyPHP1-8\www\clari\php\website\thumbs\iofferyoumyheart.jpg --> www.trailmarker.com /www/1st-soft/preliminary/v2/thumbs iofferyoumyheart.jpg
2005.07.31 22:29 B S:\programs\easyphp\EasyPHP1-8\www\clari\php\website\thumbs\jugglinghearts.jpg --> www.trailmarker.com /www/1st-soft/preliminary/v2/thumbs jugglinghearts.jpg
2005.07.31 22:29 B S:\programs\easyphp\EasyPHP1-8\www\clari\php\website\thumbs\lonely.jpg --> www.trailmarker.com /www/1st-soft/preliminary/v2/thumbs lonely.jpg
2005.07.31 22:29 B S:\programs\easyphp\EasyPHP1-8\www\clari\php\website\thumbs\myheartikeepfory.jpg --> www.trailmarker.com /www/1st-soft/preliminary/v2/thumbs myheartikeepfory.jpg
2005.07.31 22:29 B S:\programs\easyphp\EasyPHP1-8\www\clari\php\website\thumbs\passion.jpg --> www.trailmarker.com /www/1st-soft/preliminary/v2/thumbs passion.jpg
2005.07.31 22:29 B S:\programs\easyphp\EasyPHP1-8\www\clari\php\website\thumbs\robberofhearts.jpg --> www.trailmarker.com /www/1st-soft/preliminary/v2/thumbs robberofhearts.jpg
2005.07.31 22:29 B S:\programs\easyphp\EasyPHP1-8\www\clari\php\website\thumbs\thebirdcatcher.jpg --> www.trailmarker.com /www/1st-soft/preliminary/v2/thumbs thebirdcatcher.jpg
2005.07.31 22:29 B S:\programs\easyphp\EasyPHP1-8\www\clari\php\website\thumbs\thepuppetmaster.jpg --> www.trailmarker.com /www/1st-soft/preliminary/v2/thumbs thepuppetmaster.jpg
2005.08.03 07:43 B S:\programs\easyphp\EasyPHP1-8\www\clari\php\website\thumbs\thewarrior.jpg --> www.trailmarker.com /public_html/1st-soft/preliminary/v2/thumbs thewarrior.jpg
2005.08.03 07:43 B S:\programs\easyphp\EasyPHP1-8\www\clari\php\website\thumbs\thewoundedchild.jpg --> www.trailmarker.com /public_html/1st-soft/preliminary/v2/thumbs thewoundedchild.jpg
2005.08.06 13:03 B S:\programs\easyphp\EasyPHP1-8\www\clari\php\website\thumbs\alone.jpg --> www.trailmarker.com /www/1st-soft/preliminary/v2/thumbs alone.jpg
2005.08.06 13:03 B S:\programs\easyphp\EasyPHP1-8\www\clari\php\website\thumbs\appleofmyeye.jpg --> www.trailmarker.com /www/1st-soft/preliminary/v2/thumbs appleofmyeye.jpg
2005.08.06 13:03 B S:\programs\easyphp\EasyPHP1-8\www\clari\php\website\thumbs\banana.jpg --> www.trailmarker.com /www/1st-soft/preliminary/v2/thumbs banana.jpg
2005.08.06 13:03 B S:\programs\easyphp\EasyPHP1-8\www\clari\php\website\thumbs\burningbed.jpg --> www.trailmarker.com /www/1st-soft/preliminary/v2/thumbs burningbed.jpg
2005.08.06 13:03 B S:\programs\easyphp\EasyPHP1-8\www\clari\php\website\thumbs\choices.jpg --> www.trailmarker.com /www/1st-soft/preliminary/v2/thumbs choices.jpg
2005.08.06 13:03 B S:\programs\easyphp\EasyPHP1-8\www\clari\php\website\thumbs\cuppucino.jpg --> www.trailmarker.com /www/1st-soft/preliminary/v2/thumbs cuppucino.jpg
2005.08.06 13:03 B S:\programs\easyphp\EasyPHP1-8\www\clari\php\website\thumbs\greendanjoupear.jpg --> www.trailmarker.com /www/1st-soft/preliminary/v2/thumbs greendanjoupear.jpg
2005.08.06 13:03 B S:\programs\easyphp\EasyPHP1-8\www\clari\php\website\thumbs\greensummerpear.jpg --> www.trailmarker.com /www/1st-soft/preliminary/v2/thumbs greensummerpear.jpg
2005.08.06 13:03 B S:\programs\easyphp\EasyPHP1-8\www\clari\php\website\thumbs\healingmyheart.jpg --> www.trailmarker.com /www/1st-soft/preliminary/v2/thumbs healingmyheart.jpg
2005.08.06 13:03 B S:\programs\easyphp\EasyPHP1-8\www\clari\php\website\thumbs\lettinggo.jpg --> www.trailmarker.com /www/1st-soft/preliminary/v2/thumbs lettinggo.jpg
2005.08.06 13:03 B S:\programs\easyphp\EasyPHP1-8\www\clari\php\website\thumbs\makasonkelittlep.jpg --> www.trailmarker.com /www/1st-soft/preliminary/v2/thumbs makasonkelittlep.jpg
2005.08.06 13:03 B S:\programs\easyphp\EasyPHP1-8\www\clari\php\website\thumbs\mammaenekmommyan.jpg --> www.trailmarker.com /www/1st-soft/preliminary/v2/thumbs mammaenekmommyan.jpg
2005.08.06 13:03 B S:\programs\easyphp\EasyPHP1-8\www\clari\php\website\thumbs\missjuliestrindb.jpg --> www.trailmarker.com /www/1st-soft/preliminary/v2/thumbs missjuliestrindb.jpg
2005.08.06 13:04 B S:\programs\easyphp\EasyPHP1-8\www\clari\php\website\thumbs\myheartbelongsto.jpg --> www.trailmarker.com /www/1st-soft/preliminary/v2/thumbs myheartbelongsto.jpg
2005.08.06 13:04 B S:\programs\easyphp\EasyPHP1-8\www\clari\php\website\thumbs\pappaenekdaddyan.jpg --> www.trailmarker.com /www/1st-soft/preliminary/v2/thumbs pappaenekdaddyan.jpg
2005.08.06 13:04 B S:\programs\easyphp\EasyPHP1-8\www\clari\php\website\thumbs\sondagmiddagopdi.jpg --> www.trailmarker.com /www/1st-soft/preliminary/v2/thumbs sondagmiddagopdi.jpg
2005.08.06 13:04 B S:\programs\easyphp\EasyPHP1-8\www\clari\php\website\thumbs\strawberrybliss.jpg --> www.trailmarker.com /www/1st-soft/preliminary/v2/thumbs strawberrybliss.jpg
2005.08.06 13:04 B S:\programs\easyphp\EasyPHP1-8\www\clari\php\website\thumbs\summerpear.jpg --> www.trailmarker.com /www/1st-soft/preliminary/v2/thumbs summerpear.jpg
2005.08.06 13:04 B S:\programs\easyphp\EasyPHP1-8\www\clari\php\website\thumbs\thegift.jpg --> www.trailmarker.com /www/1st-soft/preliminary/v2/thumbs thegift.jpg
2005.08.06 13:04 B S:\programs\easyphp\EasyPHP1-8\www\clari\php\website\thumbs\theoracle.jpg --> www.trailmarker.com /www/1st-soft/preliminary/v2/thumbs theoracle.jpg
2005.08.06 13:04 B S:\programs\easyphp\EasyPHP1-8\www\clari\php\website\thumbs\thetouch.jpg --> www.trailmarker.com /www/1st-soft/preliminary/v2/thumbs thetouch.jpg
2005.08.06 13:04 B S:\programs\easyphp\EasyPHP1-8\www\clari\php\website\thumbs\theweddingnight.jpg --> www.trailmarker.com /www/1st-soft/preliminary/v2/thumbs theweddingnight.jpg
2005.08.06 13:04 B S:\programs\easyphp\EasyPHP1-8\www\clari\php\website\thumbs\thewoundedchild.jpg --> www.trailmarker.com /www/1st-soft/preliminary/v2/thumbs thewoundedchild.jpg
2005.08.06 13:04 B S:\programs\easyphp\EasyPHP1-8\www\clari\php\website\thumbs\tianmetrooihaant.jpg --> www.trailmarker.com /www/1st-soft/preliminary/v2/thumbs tianmetrooihaant.jpg
2005.08.06 13:04 B S:\programs\easyphp\EasyPHP1-8\www\clari\php\website\thumbs\tropicalpinapple.jpg --> www.trailmarker.com /www/1st-soft/preliminary/v2/thumbs tropicalpinapple.jpg
2005.08.06 13:04 B S:\programs\easyphp\EasyPHP1-8\www\clari\php\website\thumbs\womanwithpoppies.jpg --> www.trailmarker.com /www/1st-soft/preliminary/v2/thumbs womanwithpoppies.jpg
2005.08.06 13:04 B S:\programs\easyphp\EasyPHP1-8\www\clari\php\website\thumbs\womanwithroses.jpg --> www.trailmarker.com /www/1st-soft/preliminary/v2/thumbs womanwithroses.jpg
2005.08.06 13:04 B S:\programs\easyphp\EasyPHP1-8\www\clari\php\website\thumbs\WS_FTP.LOG --> www.trailmarker.com /www/1st-soft/preliminary/v2/thumbs WS_FTP.LOG
2005.08.13 12:16 B S:\programs\easyphp\EasyPHP1-8\www\clari\php\website\thumbs\appleofmyeye.jpg --> www.trailmarker.com /www/1st-soft/preliminary/v2/thumbs appleofmyeye.jpg
2005.08.13 12:16 B S:\programs\easyphp\EasyPHP1-8\www\clari\php\website\thumbs\banana.jpg --> www.trailmarker.com /www/1st-soft/preliminary/v2/thumbs banana.jpg
2005.08.13 12:16 B S:\programs\easyphp\EasyPHP1-8\www\clari\php\website\thumbs\cuppucino.jpg --> www.trailmarker.com /www/1st-soft/preliminary/v2/thumbs cuppucino.jpg
2005.08.13 12:16 B S:\programs\easyphp\EasyPHP1-8\www\clari\php\website\thumbs\greendanjoupear.jpg --> www.trailmarker.com /www/1st-soft/preliminary/v2/thumbs greendanjoupear.jpg
2005.08.13 12:16 B S:\programs\easyphp\EasyPHP1-8\www\clari\php\website\thumbs\greensummerpear.jpg --> www.trailmarker.com /www/1st-soft/preliminary/v2/thumbs greensummerpear.jpg
2005.08.13 12:16 B S:\programs\easyphp\EasyPHP1-8\www\clari\php\website\thumbs\strawberrybliss.jpg --> www.trailmarker.com /www/1st-soft/preliminary/v2/thumbs strawberrybliss.jpg
2005.08.13 12:16 B S:\programs\easyphp\EasyPHP1-8\www\clari\php\website\thumbs\summerpear.jpg --> www.trailmarker.com /www/1st-soft/preliminary/v2/thumbs summerpear.jpg
2005.08.13 12:16 B S:\programs\easyphp\EasyPHP1-8\www\clari\php\website\thumbs\tropicalpinapple.jpg --> www.trailmarker.com /www/1st-soft/preliminary/v2/thumbs tropicalpinapple.jpg
2005.08.13 12:16 B S:\programs\easyphp\EasyPHP1-8\www\clari\php\website\thumbs\WS_FTP.LOG --> www.trailmarker.com /www/1st-soft/preliminary/v2/thumbs WS_FTP.LOG
2005.08.14 16:15 B S:\programs\easyphp\EasyPHP1-8\www\clari\php\website\thumbs\WS_FTP.LOG --> www.trailmarker.com /www/1st-soft/preliminary/v2/thumbs WS_FTP.LOG
2005.08.21 17:32 B S:\programs\easyphp\EasyPHP1-8\www\clari\php\website\thumbs\portrait1.jpg --> www.trailmarker.com /www/1st-soft/preliminary/v2/thumbs portrait1.jpg
2005.08.21 17:32 B S:\programs\easyphp\EasyPHP1-8\www\clari\php\website\thumbs\portrait2.jpg --> www.trailmarker.com /www/1st-soft/preliminary/v2/thumbs portrait2.jpg
2005.08.21 17:32 B S:\programs\easyphp\EasyPHP1-8\www\clari\php\website\thumbs\WS_FTP.LOG --> www.trailmarker.com /www/1st-soft/preliminary/v2/thumbs WS_FTP.LOG
2005.09.04 12:52 B S:\programs\easyphp\EasyPHP1-8\www\clari\php\website\thumbs\girlwithdog.jpg --> www.trailmarker.com /www/1st-soft/preliminary/v2/thumbs girlwithdog.jpg
2005.09.04 12:52 B S:\programs\easyphp\EasyPHP1-8\www\clari\php\website\thumbs\WS_FTP.LOG --> www.trailmarker.com /www/1st-soft/preliminary/v2/thumbs WS_FTP.LOG
2005.09.04 14:03 B S:\programs\easyphp\EasyPHP1-8\www\clari\php\website\thumbs\girlwithdog.jpg --> www.trailmarker.com /www/1st-soft/preliminary/v2/thumbs girlwithdog.jpg
2005.09.04 14:03 B S:\programs\easyphp\EasyPHP1-8\www\clari\php\website\thumbs\WS_FTP.LOG --> www.trailmarker.com /www/1st-soft/preliminary/v2/thumbs WS_FTP.LOG
2005.09.04 16:31 B S:\programs\easyphp\EasyPHP1-8\www\clari\php\website\thumbs\alone.jpg --> www.trailmarker.com /www/1st-soft/preliminary/v3/thumbs alone.jpg
2005.09.04 16:31 B S:\programs\easyphp\EasyPHP1-8\www\clari\php\website\thumbs\appleofmyeye.jpg --> www.trailmarker.com /www/1st-soft/preliminary/v3/thumbs appleofmyeye.jpg
2005.09.04 16:31 B S:\programs\easyphp\EasyPHP1-8\www\clari\php\website\thumbs\banana.jpg --> www.trailmarker.com /www/1st-soft/preliminary/v3/thumbs banana.jpg
2005.09.04 16:31 B S:\programs\easyphp\EasyPHP1-8\www\clari\php\website\thumbs\burningbed.jpg --> www.trailmarker.com /www/1st-soft/preliminary/v3/thumbs burningbed.jpg
2005.09.04 16:31 B S:\programs\easyphp\EasyPHP1-8\www\clari\php\website\thumbs\carnivalofmyhear.jpg --> www.trailmarker.com /www/1st-soft/preliminary/v3/thumbs carnivalofmyhear.jpg
2005.09.04 16:31 B S:\programs\easyphp\EasyPHP1-8\www\clari\php\website\thumbs\choices.jpg --> www.trailmarker.com /www/1st-soft/preliminary/v3/thumbs choices.jpg
2005.09.04 16:31 B S:\programs\easyphp\EasyPHP1-8\www\clari\php\website\thumbs\cuppucino.jpg --> www.trailmarker.com /www/1st-soft/preliminary/v3/thumbs cuppucino.jpg
2005.09.04 16:31 B S:\programs\easyphp\EasyPHP1-8\www\clari\php\website\thumbs\gatekeeperofmyhe.jpg --> www.trailmarker.com /www/1st-soft/preliminary/v3/thumbs gatekeeperofmyhe.jpg
2005.09.04 16:31 B S:\programs\easyphp\EasyPHP1-8\www\clari\php\website\thumbs\geslotelockedawa.jpg --> www.trailmarker.com /www/1st-soft/preliminary/v3/thumbs geslotelockedawa.jpg
2005.09.04 16:31 B S:\programs\easyphp\EasyPHP1-8\www\clari\php\website\thumbs\girlwithdog.jpg --> www.trailmarker.com /www/1st-soft/preliminary/v3/thumbs girlwithdog.jpg
2005.09.04 16:31 B S:\programs\easyphp\EasyPHP1-8\www\clari\php\website\thumbs\greendanjoupear.jpg --> www.trailmarker.com /www/1st-soft/preliminary/v3/thumbs greendanjoupear.jpg
2005.09.04 16:31 B S:\programs\easyphp\EasyPHP1-8\www\clari\php\website\thumbs\greensummerpear.jpg --> www.trailmarker.com /www/1st-soft/preliminary/v3/thumbs greensummerpear.jpg
2005.09.04 16:31 B S:\programs\easyphp\EasyPHP1-8\www\clari\php\website\thumbs\healingmyheart.jpg --> www.trailmarker.com /www/1st-soft/preliminary/v3/thumbs healingmyheart.jpg
2005.09.04 16:31 B S:\programs\easyphp\EasyPHP1-8\www\clari\php\website\thumbs\iofferyoumyheart.jpg --> www.trailmarker.com /www/1st-soft/preliminary/v3/thumbs iofferyoumyheart.jpg
2005.09.04 16:31 B S:\programs\easyphp\EasyPHP1-8\www\clari\php\website\thumbs\jugglinghearts.jpg --> www.trailmarker.com /www/1st-soft/preliminary/v3/thumbs jugglinghearts.jpg
2005.09.04 16:31 B S:\programs\easyphp\EasyPHP1-8\www\clari\php\website\thumbs\lettinggo.jpg --> www.trailmarker.com /www/1st-soft/preliminary/v3/thumbs lettinggo.jpg
2005.09.04 16:31 B S:\programs\easyphp\EasyPHP1-8\www\clari\php\website\thumbs\lonely.jpg --> www.trailmarker.com /www/1st-soft/preliminary/v3/thumbs lonely.jpg
2005.09.04 16:31 B S:\programs\easyphp\EasyPHP1-8\www\clari\php\website\thumbs\makasonkelittlep.jpg --> www.trailmarker.com /www/1st-soft/preliminary/v3/thumbs makasonkelittlep.jpg
2005.09.04 16:31 B S:\programs\easyphp\EasyPHP1-8\www\clari\php\website\thumbs\mammaenekmommyan.jpg --> www.trailmarker.com /www/1st-soft/preliminary/v3/thumbs mammaenekmommyan.jpg
2005.09.04 16:31 B S:\programs\easyphp\EasyPHP1-8\www\clari\php\website\thumbs\missjuliestrindb.jpg --> www.trailmarker.com /www/1st-soft/preliminary/v3/thumbs missjuliestrindb.jpg
2005.09.04 16:31 B S:\programs\easyphp\EasyPHP1-8\www\clari\php\website\thumbs\myheartbelongsto.jpg --> www.trailmarker.com /www/1st-soft/preliminary/v3/thumbs myheartbelongsto.jpg
2005.09.04 16:31 B S:\programs\easyphp\EasyPHP1-8\www\clari\php\website\thumbs\myheartikeepfory.jpg --> www.trailmarker.com /www/1st-soft/preliminary/v3/thumbs myheartikeepfory.jpg
2005.09.04 16:31 B S:\programs\easyphp\EasyPHP1-8\www\clari\php\website\thumbs\pappaenekdaddyan.jpg --> www.trailmarker.com /www/1st-soft/preliminary/v3/thumbs pappaenekdaddyan.jpg
2005.09.04 16:31 B S:\programs\easyphp\EasyPHP1-8\www\clari\php\website\thumbs\passion.jpg --> www.trailmarker.com /www/1st-soft/preliminary/v3/thumbs passion.jpg
2005.09.04 16:31 B S:\programs\easyphp\EasyPHP1-8\www\clari\php\website\thumbs\portrait1.jpg --> www.trailmarker.com /www/1st-soft/preliminary/v3/thumbs portrait1.jpg
2005.09.04 16:31 B S:\programs\easyphp\EasyPHP1-8\www\clari\php\website\thumbs\portrait2.jpg --> www.trailmarker.com /www/1st-soft/preliminary/v3/thumbs portrait2.jpg
2005.09.04 16:31 B S:\programs\easyphp\EasyPHP1-8\www\clari\php\website\thumbs\robberofhearts.jpg --> www.trailmarker.com /www/1st-soft/preliminary/v3/thumbs robberofhearts.jpg
2005.09.04 16:31 B S:\programs\easyphp\EasyPHP1-8\www\clari\php\website\thumbs\sondagmiddagopdi.jpg --> www.trailmarker.com /www/1st-soft/preliminary/v3/thumbs sondagmiddagopdi.jpg
2005.09.04 16:31 B S:\programs\easyphp\EasyPHP1-8\www\clari\php\website\thumbs\strawberrybliss.jpg --> www.trailmarker.com /www/1st-soft/preliminary/v3/thumbs strawberrybliss.jpg
2005.09.04 16:31 B S:\programs\easyphp\EasyPHP1-8\www\clari\php\website\thumbs\summerpear.jpg --> www.trailmarker.com /www/1st-soft/preliminary/v3/thumbs summerpear.jpg
2005.09.04 16:31 B S:\programs\easyphp\EasyPHP1-8\www\clari\php\website\thumbs\thebirdcatcher.jpg --> www.trailmarker.com /www/1st-soft/preliminary/v3/thumbs thebirdcatcher.jpg
2005.09.04 16:31 B S:\programs\easyphp\EasyPHP1-8\www\clari\php\website\thumbs\thegift.jpg --> www.trailmarker.com /www/1st-soft/preliminary/v3/thumbs thegift.jpg
2005.09.04 16:31 B S:\programs\easyphp\EasyPHP1-8\www\clari\php\website\thumbs\theoracle.jpg --> www.trailmarker.com /www/1st-soft/preliminary/v3/thumbs theoracle.jpg
2005.09.04 16:31 B S:\programs\easyphp\EasyPHP1-8\www\clari\php\website\thumbs\thepuppetmaster.jpg --> www.trailmarker.com /www/1st-soft/preliminary/v3/thumbs thepuppetmaster.jpg
2005.09.04 16:31 B S:\programs\easyphp\EasyPHP1-8\www\clari\php\website\thumbs\thetouch.jpg --> www.trailmarker.com /www/1st-soft/preliminary/v3/thumbs thetouch.jpg
2005.09.04 16:31 B S:\programs\easyphp\EasyPHP1-8\www\clari\php\website\thumbs\thewarrior.jpg --> www.trailmarker.com /www/1st-soft/preliminary/v3/thumbs thewarrior.jpg
2005.09.04 16:31 B S:\programs\easyphp\EasyPHP1-8\www\clari\php\website\thumbs\theweddingnight.jpg --> www.trailmarker.com /www/1st-soft/preliminary/v3/thumbs theweddingnight.jpg
2005.09.04 16:31 B S:\programs\easyphp\EasyPHP1-8\www\clari\php\website\thumbs\thewoundedchild.jpg --> www.trailmarker.com /www/1st-soft/preliminary/v3/thumbs thewoundedchild.jpg
2005.09.04 16:31 B S:\programs\easyphp\EasyPHP1-8\www\clari\php\website\thumbs\tianmetrooihaant.jpg --> www.trailmarker.com /www/1st-soft/preliminary/v3/thumbs tianmetrooihaant.jpg
2005.09.04 16:31 B S:\programs\easyphp\EasyPHP1-8\www\clari\php\website\thumbs\tropicalpinapple.jpg --> www.trailmarker.com /www/1st-soft/preliminary/v3/thumbs tropicalpinapple.jpg
2005.09.04 16:31 B S:\programs\easyphp\EasyPHP1-8\www\clari\php\website\thumbs\womanwithpoppies.jpg --> www.trailmarker.com /www/1st-soft/preliminary/v3/thumbs womanwithpoppies.jpg
2005.09.04 16:31 B S:\programs\easyphp\EasyPHP1-8\www\clari\php\website\thumbs\womanwithroses.jpg --> www.trailmarker.com /www/1st-soft/preliminary/v3/thumbs womanwithroses.jpg
2005.09.04 16:31 B S:\programs\easyphp\EasyPHP1-8\www\clari\php\website\thumbs\WS_FTP.LOG --> www.trailmarker.com /www/1st-soft/preliminary/v3/thumbs WS_FTP.LOG
2005.09.06 19:17 B S:\programs\easyphp\EasyPHP1-8\www\clari\php\website\thumbs\thedancer.jpg --> www.trailmarker.com /www/1st-soft/preliminary/v3/thumbs thedancer.jpg
2005.09.06 19:17 B S:\programs\easyphp\EasyPHP1-8\www\clari\php\website\thumbs\theprostitute.jpg --> www.trailmarker.com /www/1st-soft/preliminary/v3/thumbs theprostitute.jpg
2005.09.06 19:17 B S:\programs\easyphp\EasyPHP1-8\www\clari\php\website\thumbs\thequeen.jpg --> www.trailmarker.com /www/1st-soft/preliminary/v3/thumbs thequeen.jpg
2005.09.06 19:17 B S:\programs\easyphp\EasyPHP1-8\www\clari\php\website\thumbs\WS_FTP.LOG --> www.trailmarker.com /www/1st-soft/preliminary/v3/thumbs WS_FTP.LOG
2005.09.06 20:37 B S:\programs\easyphp\EasyPHP1-8\www\clari\php\website\thumbs\WS_FTP.LOG --> www.trailmarker.com /www/1st-soft/preliminary/v3/thumbs WS_FTP.LOG
2005.09.10 11:24 B C:\Program Files\EasyPHP1-8\www\clari\php\website\thumbs\alone.jpg --> www.trailmarker.com /www/1st-soft/preliminary/v4/thumbs alone.jpg
2005.09.10 11:24 B C:\Program Files\EasyPHP1-8\www\clari\php\website\thumbs\appleofmyeye.jpg --> www.trailmarker.com /www/1st-soft/preliminary/v4/thumbs appleofmyeye.jpg
2005.09.10 11:24 B C:\Program Files\EasyPHP1-8\www\clari\php\website\thumbs\banana.jpg --> www.trailmarker.com /www/1st-soft/preliminary/v4/thumbs banana.jpg
2005.09.10 11:24 B C:\Program Files\EasyPHP1-8\www\clari\php\website\thumbs\burningbed.jpg --> www.trailmarker.com /www/1st-soft/preliminary/v4/thumbs burningbed.jpg
2005.09.10 11:24 B C:\Program Files\EasyPHP1-8\www\clari\php\website\thumbs\carnivalofmyhear.jpg --> www.trailmarker.com /www/1st-soft/preliminary/v4/thumbs carnivalofmyhear.jpg
2005.09.10 11:24 B C:\Program Files\EasyPHP1-8\www\clari\php\website\thumbs\choices.jpg --> www.trailmarker.com /www/1st-soft/preliminary/v4/thumbs choices.jpg
2005.09.10 11:24 B C:\Program Files\EasyPHP1-8\www\clari\php\website\thumbs\cuppucino.jpg --> www.trailmarker.com /www/1st-soft/preliminary/v4/thumbs cuppucino.jpg
2005.09.10 11:24 B C:\Program Files\EasyPHP1-8\www\clari\php\website\thumbs\gatekeeperofmyhe.jpg --> www.trailmarker.com /www/1st-soft/preliminary/v4/thumbs gatekeeperofmyhe.jpg
2005.09.10 11:24 B C:\Program Files\EasyPHP1-8\www\clari\php\website\thumbs\geslotelockedawa.jpg --> www.trailmarker.com /www/1st-soft/preliminary/v4/thumbs geslotelockedawa.jpg
2005.09.10 11:24 B C:\Program Files\EasyPHP1-8\www\clari\php\website\thumbs\girlwithdog.jpg --> www.trailmarker.com /www/1st-soft/preliminary/v4/thumbs girlwithdog.jpg
2005.09.10 11:24 B C:\Program Files\EasyPHP1-8\www\clari\php\website\thumbs\greendanjoupear.jpg --> www.trailmarker.com /www/1st-soft/preliminary/v4/thumbs greendanjoupear.jpg
2005.09.10 11:24 B C:\Program Files\EasyPHP1-8\www\clari\php\website\thumbs\greensummerpear.jpg --> www.trailmarker.com /www/1st-soft/preliminary/v4/thumbs greensummerpear.jpg
2005.09.10 11:24 B C:\Program Files\EasyPHP1-8\www\clari\php\website\thumbs\healingmyheart.jpg --> www.trailmarker.com /www/1st-soft/preliminary/v4/thumbs healingmyheart.jpg
2005.09.10 11:24 B C:\Program Files\EasyPHP1-8\www\clari\php\website\thumbs\iofferyoumyheart.jpg --> www.trailmarker.com /www/1st-soft/preliminary/v4/thumbs iofferyoumyheart.jpg
2005.09.10 11:24 B C:\Program Files\EasyPHP1-8\www\clari\php\website\thumbs\jugglinghearts.jpg --> www.trailmarker.com /www/1st-soft/preliminary/v4/thumbs jugglinghearts.jpg
2005.09.10 11:24 B C:\Program Files\EasyPHP1-8\www\clari\php\website\thumbs\lettinggo.jpg --> www.trailmarker.com /www/1st-soft/preliminary/v4/thumbs lettinggo.jpg
2005.09.10 11:24 B C:\Program Files\EasyPHP1-8\www\clari\php\website\thumbs\lonely.jpg --> www.trailmarker.com /www/1st-soft/preliminary/v4/thumbs lonely.jpg
2005.09.10 11:24 B C:\Program Files\EasyPHP1-8\www\clari\php\website\thumbs\makasonkelittlep.jpg --> www.trailmarker.com /www/1st-soft/preliminary/v4/thumbs makasonkelittlep.jpg
2005.09.10 11:24 B C:\Program Files\EasyPHP1-8\www\clari\php\website\thumbs\mammaenekmommyan.jpg --> www.trailmarker.com /www/1st-soft/preliminary/v4/thumbs mammaenekmommyan.jpg
2005.09.10 11:24 B C:\Program Files\EasyPHP1-8\www\clari\php\website\thumbs\missjuliestrindb.jpg --> www.trailmarker.com /www/1st-soft/preliminary/v4/thumbs missjuliestrindb.jpg
2005.09.10 11:24 B C:\Program Files\EasyPHP1-8\www\clari\php\website\thumbs\myheartbelongsto.jpg --> www.trailmarker.com /www/1st-soft/preliminary/v4/thumbs myheartbelongsto.jpg
2005.09.10 11:24 B C:\Program Files\EasyPHP1-8\www\clari\php\website\thumbs\myheartikeepfory.jpg --> www.trailmarker.com /www/1st-soft/preliminary/v4/thumbs myheartikeepfory.jpg
2005.09.10 11:24 B C:\Program Files\EasyPHP1-8\www\clari\php\website\thumbs\pappaenekdaddyan.jpg --> www.trailmarker.com /www/1st-soft/preliminary/v4/thumbs pappaenekdaddyan.jpg
2005.09.10 11:24 B C:\Program Files\EasyPHP1-8\www\clari\php\website\thumbs\passion.jpg --> www.trailmarker.com /www/1st-soft/preliminary/v4/thumbs passion.jpg
2005.09.10 11:24 B C:\Program Files\EasyPHP1-8\www\clari\php\website\thumbs\portrait1.jpg --> www.trailmarker.com /www/1st-soft/preliminary/v4/thumbs portrait1.jpg
2005.09.10 11:24 B C:\Program Files\EasyPHP1-8\www\clari\php\website\thumbs\portrait2.jpg --> www.trailmarker.com /www/1st-soft/preliminary/v4/thumbs portrait2.jpg
2005.09.10 11:24 B C:\Program Files\EasyPHP1-8\www\clari\php\website\thumbs\robberofhearts.jpg --> www.trailmarker.com /www/1st-soft/preliminary/v4/thumbs robberofhearts.jpg
2005.09.10 11:24 B C:\Program Files\EasyPHP1-8\www\clari\php\website\thumbs\sondagmiddagopdi.jpg --> www.trailmarker.com /www/1st-soft/preliminary/v4/thumbs sondagmiddagopdi.jpg
2005.09.10 11:24 B C:\Program Files\EasyPHP1-8\www\clari\php\website\thumbs\strawberrybliss.jpg --> www.trailmarker.com /www/1st-soft/preliminary/v4/thumbs strawberrybliss.jpg
2005.09.10 11:24 B C:\Program Files\EasyPHP1-8\www\clari\php\website\thumbs\summerpear.jpg --> www.trailmarker.com /www/1st-soft/preliminary/v4/thumbs summerpear.jpg
2005.09.10 11:24 B C:\Program Files\EasyPHP1-8\www\clari\php\website\thumbs\thebirdcatcher.jpg --> www.trailmarker.com /www/1st-soft/preliminary/v4/thumbs thebirdcatcher.jpg
2005.09.10 11:24 B C:\Program Files\EasyPHP1-8\www\clari\php\website\thumbs\thedancer.jpg --> www.trailmarker.com /www/1st-soft/preliminary/v4/thumbs thedancer.jpg
2005.09.10 11:24 B C:\Program Files\EasyPHP1-8\www\clari\php\website\thumbs\thegift.jpg --> www.trailmarker.com /www/1st-soft/preliminary/v4/thumbs thegift.jpg
2005.09.10 11:24 B C:\Program Files\EasyPHP1-8\www\clari\php\website\thumbs\theoracle.jpg --> www.trailmarker.com /www/1st-soft/preliminary/v4/thumbs theoracle.jpg
2005.09.10 11:24 B C:\Program Files\EasyPHP1-8\www\clari\php\website\thumbs\theprostitute.jpg --> www.trailmarker.com /www/1st-soft/preliminary/v4/thumbs theprostitute.jpg
2005.09.10 11:24 B C:\Program Files\EasyPHP1-8\www\clari\php\website\thumbs\thepuppetmaster.jpg --> www.trailmarker.com /www/1st-soft/preliminary/v4/thumbs thepuppetmaster.jpg
2005.09.10 11:24 B C:\Program Files\EasyPHP1-8\www\clari\php\website\thumbs\thequeen.jpg --> www.trailmarker.com /www/1st-soft/preliminary/v4/thumbs thequeen.jpg
2005.09.10 11:24 B C:\Program Files\EasyPHP1-8\www\clari\php\website\thumbs\thetouch.jpg --> www.trailmarker.com /www/1st-soft/preliminary/v4/thumbs thetouch.jpg
2005.09.10 11:24 B C:\Program Files\EasyPHP1-8\www\clari\php\website\thumbs\thewarrior.jpg --> www.trailmarker.com /www/1st-soft/preliminary/v4/thumbs thewarrior.jpg
2005.09.10 11:24 B C:\Program Files\EasyPHP1-8\www\clari\php\website\thumbs\theweddingnight.jpg --> www.trailmarker.com /www/1st-soft/preliminary/v4/thumbs theweddingnight.jpg
2005.09.10 11:24 B C:\Program Files\EasyPHP1-8\www\clari\php\website\thumbs\thewoundedchild.jpg --> www.trailmarker.com /www/1st-soft/preliminary/v4/thumbs thewoundedchild.jpg
2005.09.10 11:24 B C:\Program Files\EasyPHP1-8\www\clari\php\website\thumbs\tianmetrooihaant.jpg --> www.trailmarker.com /www/1st-soft/preliminary/v4/thumbs tianmetrooihaant.jpg
2005.09.10 11:24 B C:\Program Files\EasyPHP1-8\www\clari\php\website\thumbs\tropicalpinapple.jpg --> www.trailmarker.com /www/1st-soft/preliminary/v4/thumbs tropicalpinapple.jpg
2005.09.10 11:24 B C:\Program Files\EasyPHP1-8\www\clari\php\website\thumbs\womanwithpoppies.jpg --> www.trailmarker.com /www/1st-soft/preliminary/v4/thumbs womanwithpoppies.jpg
2005.09.10 11:24 B C:\Program Files\EasyPHP1-8\www\clari\php\website\thumbs\womanwithroses.jpg --> www.trailmarker.com /www/1st-soft/preliminary/v4/thumbs womanwithroses.jpg
2005.09.10 11:24 B C:\Program Files\EasyPHP1-8\www\clari\php\website\thumbs\WS_FTP.LOG --> www.trailmarker.com /www/1st-soft/preliminary/v4/thumbs WS_FTP.LOG
2005.09.10 18:44 B C:\Program Files\EasyPHP1-8\www\clari\php\website\thumbs\gatekeeperofmyhe.jpg --> www.trailmarker.com /www/1st-soft/preliminary/v4/thumbs gatekeeperofmyhe.jpg
2005.09.10 18:44 B C:\Program Files\EasyPHP1-8\www\clari\php\website\thumbs\iofferyoumyheart.jpg --> www.trailmarker.com /www/1st-soft/preliminary/v4/thumbs iofferyoumyheart.jpg
2005.09.10 18:44 B C:\Program Files\EasyPHP1-8\www\clari\php\website\thumbs\passion.jpg --> www.trailmarker.com /www/1st-soft/preliminary/v4/thumbs passion.jpg
2005.09.10 18:44 B C:\Program Files\EasyPHP1-8\www\clari\php\website\thumbs\robberofhearts.jpg --> www.trailmarker.com /www/1st-soft/preliminary/v4/thumbs robberofhearts.jpg
2005.09.10 18:44 B C:\Program Files\EasyPHP1-8\www\clari\php\website\thumbs\WS_FTP.LOG --> www.trailmarker.com /www/1st-soft/preliminary/v4/thumbs WS_FTP.LOG
2005.09.11 18:19 B C:\Program Files\EasyPHP1-8\www\clari\php\website\thumbs\WS_FTP.LOG --> www.trailmarker.com /www/1st-soft/preliminary/v4/thumbs WS_FTP.LOG
2005.09.13 17:56 B C:\Program Files\EasyPHP1-8\www\clari\php\website\thumbs\thedancerartistm.jpg --> www.trailmarker.com /www/1st-soft/preliminary/v4/thumbs thedancerartistm.jpg
2005.09.13 17:56 B C:\Program Files\EasyPHP1-8\www\clari\php\website\thumbs\Thumbs.db --> www.trailmarker.com /www/1st-soft/preliminary/v4/thumbs Thumbs.db
2005.09.13 17:56 B C:\Program Files\EasyPHP1-8\www\clari\php\website\thumbs\WS_FTP.LOG --> www.trailmarker.com /www/1st-soft/preliminary/v4/thumbs WS_FTP.LOG
2005.09.16 18:21 B C:\Program Files\EasyPHP1-8\www\clari\php\website\thumbs\lettinggo.jpg --> www.trailmarker.com /www/1st-soft/preliminary/v4/thumbs lettinggo.jpg
2005.09.16 18:21 B C:\Program Files\EasyPHP1-8\www\clari\php\website\thumbs\pappaenekdaddyan.jpg --> www.trailmarker.com /www/1st-soft/preliminary/v4/thumbs pappaenekdaddyan.jpg
2005.09.16 18:21 B C:\Program Files\EasyPHP1-8\www\clari\php\website\thumbs\sondagmiddagopdi.jpg --> www.trailmarker.com /www/1st-soft/preliminary/v4/thumbs sondagmiddagopdi.jpg
2005.09.16 18:21 B C:\Program Files\EasyPHP1-8\www\clari\php\website\thumbs\Thumbs.db --> www.trailmarker.com /www/1st-soft/preliminary/v4/thumbs Thumbs.db
2005.09.16 18:21 B C:\Program Files\EasyPHP1-8\www\clari\php\website\thumbs\tianmetrooihaanr.jpg --> www.trailmarker.com /www/1st-soft/preliminary/v4/thumbs tianmetrooihaanr.jpg
2005.09.16 18:21 B C:\Program Files\EasyPHP1-8\www\clari\php\website\thumbs\WS_FTP.LOG --> www.trailmarker.com /www/1st-soft/preliminary/v4/thumbs WS_FTP.LOG
2005.09.18 11:01 B C:\Program Files\EasyPHP1-8\www\clari\php\website\thumbs\alone.jpg --> www.trailmarker.com /www/1st-soft/preliminary/v5/thumbs alone.jpg
2005.09.18 11:01 B C:\Program Files\EasyPHP1-8\www\clari\php\website\thumbs\appleofmyeye.jpg --> www.trailmarker.com /www/1st-soft/preliminary/v5/thumbs appleofmyeye.jpg
2005.09.18 11:01 B C:\Program Files\EasyPHP1-8\www\clari\php\website\thumbs\banana.jpg --> www.trailmarker.com /www/1st-soft/preliminary/v5/thumbs banana.jpg
2005.09.18 11:01 B C:\Program Files\EasyPHP1-8\www\clari\php\website\thumbs\burningbed.jpg --> www.trailmarker.com /www/1st-soft/preliminary/v5/thumbs burningbed.jpg
2005.09.18 11:01 B C:\Program Files\EasyPHP1-8\www\clari\php\website\thumbs\carnivalofmyhear.jpg --> www.trailmarker.com /www/1st-soft/preliminary/v5/thumbs carnivalofmyhear.jpg
2005.09.18 11:01 B C:\Program Files\EasyPHP1-8\www\clari\php\website\thumbs\choices.jpg --> www.trailmarker.com /www/1st-soft/preliminary/v5/thumbs choices.jpg
2005.09.18 11:01 B C:\Program Files\EasyPHP1-8\www\clari\php\website\thumbs\cuppucino.jpg --> www.trailmarker.com /www/1st-soft/preliminary/v5/thumbs cuppucino.jpg
2005.09.18 11:01 B C:\Program Files\EasyPHP1-8\www\clari\php\website\thumbs\gatekeeperofmyhe.jpg --> www.trailmarker.com /www/1st-soft/preliminary/v5/thumbs gatekeeperofmyhe.jpg
2005.09.18 11:01 B C:\Program Files\EasyPHP1-8\www\clari\php\website\thumbs\geslotelockedawa.jpg --> www.trailmarker.com /www/1st-soft/preliminary/v5/thumbs geslotelockedawa.jpg
2005.09.18 11:01 B C:\Program Files\EasyPHP1-8\www\clari\php\website\thumbs\girlwithdog.jpg --> www.trailmarker.com /www/1st-soft/preliminary/v5/thumbs girlwithdog.jpg
2005.09.18 11:01 B C:\Program Files\EasyPHP1-8\www\clari\php\website\thumbs\greendanjoupear.jpg --> www.trailmarker.com /www/1st-soft/preliminary/v5/thumbs greendanjoupear.jpg
2005.09.18 11:01 B C:\Program Files\EasyPHP1-8\www\clari\php\website\thumbs\greensummerpear.jpg --> www.trailmarker.com /www/1st-soft/preliminary/v5/thumbs greensummerpear.jpg
2005.09.18 11:01 B C:\Program Files\EasyPHP1-8\www\clari\php\website\thumbs\healingmyheart.jpg --> www.trailmarker.com /www/1st-soft/preliminary/v5/thumbs healingmyheart.jpg
2005.09.18 11:01 B C:\Program Files\EasyPHP1-8\www\clari\php\website\thumbs\iofferyoumyheart.jpg --> www.trailmarker.com /www/1st-soft/preliminary/v5/thumbs iofferyoumyheart.jpg
2005.09.18 11:01 B C:\Program Files\EasyPHP1-8\www\clari\php\website\thumbs\jugglinghearts.jpg --> www.trailmarker.com /www/1st-soft/preliminary/v5/thumbs jugglinghearts.jpg
2005.09.18 11:01 B C:\Program Files\EasyPHP1-8\www\clari\php\website\thumbs\lettinggo.jpg --> www.trailmarker.com /www/1st-soft/preliminary/v5/thumbs lettinggo.jpg
2005.09.18 11:01 B C:\Program Files\EasyPHP1-8\www\clari\php\website\thumbs\lonely.jpg --> www.trailmarker.com /www/1st-soft/preliminary/v5/thumbs lonely.jpg
2005.09.18 11:01 B C:\Program Files\EasyPHP1-8\www\clari\php\website\thumbs\makasonkelittlep.jpg --> www.trailmarker.com /www/1st-soft/preliminary/v5/thumbs makasonkelittlep.jpg
2005.09.18 11:01 B C:\Program Files\EasyPHP1-8\www\clari\php\website\thumbs\mammaenekmommyan.jpg --> www.trailmarker.com /www/1st-soft/preliminary/v5/thumbs mammaenekmommyan.jpg
2005.09.18 11:01 B C:\Program Files\EasyPHP1-8\www\clari\php\website\thumbs\missjuliestrindb.jpg --> www.trailmarker.com /www/1st-soft/preliminary/v5/thumbs missjuliestrindb.jpg
2005.09.18 11:01 B C:\Program Files\EasyPHP1-8\www\clari\php\website\thumbs\myheartbelongsto.jpg --> www.trailmarker.com /www/1st-soft/preliminary/v5/thumbs myheartbelongsto.jpg
2005.09.18 11:01 B C:\Program Files\EasyPHP1-8\www\clari\php\website\thumbs\myheartikeepfory.jpg --> www.trailmarker.com /www/1st-soft/preliminary/v5/thumbs myheartikeepfory.jpg
2005.09.18 11:01 B C:\Program Files\EasyPHP1-8\www\clari\php\website\thumbs\pappaenekdaddyan.jpg --> www.trailmarker.com /www/1st-soft/preliminary/v5/thumbs pappaenekdaddyan.jpg
2005.09.18 11:01 B C:\Program Files\EasyPHP1-8\www\clari\php\website\thumbs\passion.jpg --> www.trailmarker.com /www/1st-soft/preliminary/v5/thumbs passion.jpg
2005.09.18 11:01 B C:\Program Files\EasyPHP1-8\www\clari\php\website\thumbs\portrait1.jpg --> www.trailmarker.com /www/1st-soft/preliminary/v5/thumbs portrait1.jpg
2005.09.18 11:01 B C:\Program Files\EasyPHP1-8\www\clari\php\website\thumbs\portrait2.jpg --> www.trailmarker.com /www/1st-soft/preliminary/v5/thumbs portrait2.jpg
2005.09.18 11:01 B C:\Program Files\EasyPHP1-8\www\clari\php\website\thumbs\robberofhearts.jpg --> www.trailmarker.com /www/1st-soft/preliminary/v5/thumbs robberofhearts.jpg
2005.09.18 11:01 B C:\Program Files\EasyPHP1-8\www\clari\php\website\thumbs\sondagmiddagopdi.jpg --> www.trailmarker.com /www/1st-soft/preliminary/v5/thumbs sondagmiddagopdi.jpg
2005.09.18 11:01 B C:\Program Files\EasyPHP1-8\www\clari\php\website\thumbs\strawberrybliss.jpg --> www.trailmarker.com /www/1st-soft/preliminary/v5/thumbs strawberrybliss.jpg
2005.09.18 11:01 B C:\Program Files\EasyPHP1-8\www\clari\php\website\thumbs\summerpear.jpg --> www.trailmarker.com /www/1st-soft/preliminary/v5/thumbs summerpear.jpg
2005.09.18 11:01 B C:\Program Files\EasyPHP1-8\www\clari\php\website\thumbs\theartistdancerm.jpg --> www.trailmarker.com /www/1st-soft/preliminary/v5/thumbs theartistdancerm.jpg
2005.09.18 11:01 B C:\Program Files\EasyPHP1-8\www\clari\php\website\thumbs\theballerina.jpg --> www.trailmarker.com /www/1st-soft/preliminary/v5/thumbs theballerina.jpg
2005.09.18 11:01 B C:\Program Files\EasyPHP1-8\www\clari\php\website\thumbs\thebirdcatcher.jpg --> www.trailmarker.com /www/1st-soft/preliminary/v5/thumbs thebirdcatcher.jpg
2005.09.18 11:01 B C:\Program Files\EasyPHP1-8\www\clari\php\website\thumbs\thedancingbear.jpg --> www.trailmarker.com /www/1st-soft/preliminary/v5/thumbs thedancingbear.jpg
2005.09.18 11:01 B C:\Program Files\EasyPHP1-8\www\clari\php\website\thumbs\thefish.jpg --> www.trailmarker.com /www/1st-soft/preliminary/v5/thumbs thefish.jpg
2005.09.18 11:01 B C:\Program Files\EasyPHP1-8\www\clari\php\website\thumbs\thegift.jpg --> www.trailmarker.com /www/1st-soft/preliminary/v5/thumbs thegift.jpg
2005.09.18 11:01 B C:\Program Files\EasyPHP1-8\www\clari\php\website\thumbs\thelover.jpg --> www.trailmarker.com /www/1st-soft/preliminary/v5/thumbs thelover.jpg
2005.09.18 11:01 B C:\Program Files\EasyPHP1-8\www\clari\php\website\thumbs\theoracle.jpg --> www.trailmarker.com /www/1st-soft/preliminary/v5/thumbs theoracle.jpg
2005.09.18 11:01 B C:\Program Files\EasyPHP1-8\www\clari\php\website\thumbs\theprostitute.jpg --> www.trailmarker.com /www/1st-soft/preliminary/v5/thumbs theprostitute.jpg
2005.09.18 11:01 B C:\Program Files\EasyPHP1-8\www\clari\php\website\thumbs\thepuppetmaster.jpg --> www.trailmarker.com /www/1st-soft/preliminary/v5/thumbs thepuppetmaster.jpg
2005.09.18 11:01 B C:\Program Files\EasyPHP1-8\www\clari\php\website\thumbs\thequeen.jpg --> www.trailmarker.com /www/1st-soft/preliminary/v5/thumbs thequeen.jpg
2005.09.18 11:01 B C:\Program Files\EasyPHP1-8\www\clari\php\website\thumbs\thetouch.jpg --> www.trailmarker.com /www/1st-soft/preliminary/v5/thumbs thetouch.jpg
2005.09.18 11:01 B C:\Program Files\EasyPHP1-8\www\clari\php\website\thumbs\thewarrior.jpg --> www.trailmarker.com /www/1st-soft/preliminary/v5/thumbs thewarrior.jpg
2005.09.18 11:01 B C:\Program Files\EasyPHP1-8\www\clari\php\website\thumbs\theweddingnight.jpg --> www.trailmarker.com /www/1st-soft/preliminary/v5/thumbs theweddingnight.jpg
2005.09.18 11:01 B C:\Program Files\EasyPHP1-8\www\clari\php\website\thumbs\thewoundedchild.jpg --> www.trailmarker.com /www/1st-soft/preliminary/v5/thumbs thewoundedchild.jpg
2005.09.18 11:01 B C:\Program Files\EasyPHP1-8\www\clari\php\website\thumbs\Thumbs.db --> www.trailmarker.com /www/1st-soft/preliminary/v5/thumbs Thumbs.db
2005.09.18 11:01 B C:\Program Files\EasyPHP1-8\www\clari\php\website\thumbs\tianmetrooihaanr.jpg --> www.trailmarker.com /www/1st-soft/preliminary/v5/thumbs tianmetrooihaanr.jpg
2005.09.18 11:01 B C:\Program Files\EasyPHP1-8\www\clari\php\website\thumbs\tropicalpinapple.jpg --> www.trailmarker.com /www/1st-soft/preliminary/v5/thumbs tropicalpinapple.jpg
2005.09.18 11:01 B C:\Program Files\EasyPHP1-8\www\clari\php\website\thumbs\womanwithpoppies.jpg --> www.trailmarker.com /www/1st-soft/preliminary/v5/thumbs womanwithpoppies.jpg
2005.09.18 11:01 B C:\Program Files\EasyPHP1-8\www\clari\php\website\thumbs\womanwithroses.jpg --> www.trailmarker.com /www/1st-soft/preliminary/v5/thumbs womanwithroses.jpg
2005.09.18 11:01 B C:\Program Files\EasyPHP1-8\www\clari\php\website\thumbs\WS_FTP.LOG --> www.trailmarker.com /www/1st-soft/preliminary/v5/thumbs WS_FTP.LOG
2005.09.18 14:57 B C:\Program Files\EasyPHP1-8\www\clari\php\website\thumbs\theartistdancerm.jpg --> www.trailmarker.com /www/1st-soft/preliminary/v5/thumbs theartistdancerm.jpg
2005.09.18 14:57 B C:\Program Files\EasyPHP1-8\www\clari\php\website\thumbs\thequeen.jpg --> www.trailmarker.com /www/1st-soft/preliminary/v5/thumbs thequeen.jpg
2005.09.18 14:57 B C:\Program Files\EasyPHP1-8\www\clari\php\website\thumbs\WS_FTP.LOG --> www.trailmarker.com /www/1st-soft/preliminary/v5/thumbs WS_FTP.LOG
2005.09.18 15:21 B C:\Program Files\EasyPHP1-8\www\clari\php\website\thumbs\puppylove.jpg --> www.trailmarker.com /www/1st-soft/preliminary/v5/thumbs puppylove.jpg
2005.09.18 15:21 B C:\Program Files\EasyPHP1-8\www\clari\php\website\thumbs\Thumbs.db --> www.trailmarker.com /www/1st-soft/preliminary/v5/thumbs Thumbs.db
2005.09.18 15:21 B C:\Program Files\EasyPHP1-8\www\clari\php\website\thumbs\WS_FTP.LOG --> www.trailmarker.com /www/1st-soft/preliminary/v5/thumbs WS_FTP.LOG
2005.09.18 19:54 B C:\Program Files\EasyPHP1-8\www\clari\php\website\thumbs\theartistdancerm.jpg --> www.trailmarker.com /www/1st-soft/preliminary/v5/thumbs theartistdancerm.jpg
2005.09.18 19:54 B C:\Program Files\EasyPHP1-8\www\clari\php\website\thumbs\thequeen.jpg --> www.trailmarker.com /www/1st-soft/preliminary/v5/thumbs thequeen.jpg
2005.09.20 08:40 B C:\Program Files\EasyPHP1-8\www\clari\php\website\thumbs\WS_FTP.LOG --> www.trailmarker.com /www/1st-soft/preliminary/v5/thumbs WS_FTP.LOG
2005.09.23 18:15 B C:\Program Files\EasyPHP1-8\www\clari\php\website\thumbs\alone.jpg --> www.trailmarker.com /public_html/1st-soft/clari/thumbs alone.jpg
2005.09.23 18:15 B C:\Program Files\EasyPHP1-8\www\clari\php\website\thumbs\appleofmyeye.jpg --> www.trailmarker.com /public_html/1st-soft/clari/thumbs appleofmyeye.jpg
2005.09.23 18:15 B C:\Program Files\EasyPHP1-8\www\clari\php\website\thumbs\banana.jpg --> www.trailmarker.com /public_html/1st-soft/clari/thumbs banana.jpg
2005.09.23 18:15 B C:\Program Files\EasyPHP1-8\www\clari\php\website\thumbs\burningbed.jpg --> www.trailmarker.com /public_html/1st-soft/clari/thumbs burningbed.jpg
2005.09.23 18:15 B C:\Program Files\EasyPHP1-8\www\clari\php\website\thumbs\carnivalofmyhear.jpg --> www.trailmarker.com /public_html/1st-soft/clari/thumbs carnivalofmyhear.jpg
2005.09.23 18:15 B C:\Program Files\EasyPHP1-8\www\clari\php\website\thumbs\choices.jpg --> www.trailmarker.com /public_html/1st-soft/clari/thumbs choices.jpg
2005.09.23 18:15 B C:\Program Files\EasyPHP1-8\www\clari\php\website\thumbs\cuppucino.jpg --> www.trailmarker.com /public_html/1st-soft/clari/thumbs cuppucino.jpg
2005.09.23 18:15 B C:\Program Files\EasyPHP1-8\www\clari\php\website\thumbs\gatekeeperofmyhe.jpg --> www.trailmarker.com /public_html/1st-soft/clari/thumbs gatekeeperofmyhe.jpg
2005.09.23 18:15 B C:\Program Files\EasyPHP1-8\www\clari\php\website\thumbs\geslotelockedawa.jpg --> www.trailmarker.com /public_html/1st-soft/clari/thumbs geslotelockedawa.jpg
2005.09.23 18:15 B C:\Program Files\EasyPHP1-8\www\clari\php\website\thumbs\greendanjoupear.jpg --> www.trailmarker.com /public_html/1st-soft/clari/thumbs greendanjoupear.jpg
2005.09.23 18:15 B C:\Program Files\EasyPHP1-8\www\clari\php\website\thumbs\greensummerpear.jpg --> www.trailmarker.com /public_html/1st-soft/clari/thumbs greensummerpear.jpg
2005.09.23 18:15 B C:\Program Files\EasyPHP1-8\www\clari\php\website\thumbs\healingmyheart.jpg --> www.trailmarker.com /public_html/1st-soft/clari/thumbs healingmyheart.jpg
2005.09.23 18:15 B C:\Program Files\EasyPHP1-8\www\clari\php\website\thumbs\iofferyoumyheart.jpg --> www.trailmarker.com /public_html/1st-soft/clari/thumbs iofferyoumyheart.jpg
2005.09.23 18:15 B C:\Program Files\EasyPHP1-8\www\clari\php\website\thumbs\jugglinghearts.jpg --> www.trailmarker.com /public_html/1st-soft/clari/thumbs jugglinghearts.jpg
2005.09.23 18:15 B C:\Program Files\EasyPHP1-8\www\clari\php\website\thumbs\lettinggo.jpg --> www.trailmarker.com /public_html/1st-soft/clari/thumbs lettinggo.jpg
2005.09.23 18:15 B C:\Program Files\EasyPHP1-8\www\clari\php\website\thumbs\lonely.jpg --> www.trailmarker.com /public_html/1st-soft/clari/thumbs lonely.jpg
2005.09.23 18:15 B C:\Program Files\EasyPHP1-8\www\clari\php\website\thumbs\makasonkelittlep.jpg --> www.trailmarker.com /public_html/1st-soft/clari/thumbs makasonkelittlep.jpg
2005.09.23 18:15 B C:\Program Files\EasyPHP1-8\www\clari\php\website\thumbs\mammaenekmommyan.jpg --> www.trailmarker.com /public_html/1st-soft/clari/thumbs mammaenekmommyan.jpg
2005.09.23 18:15 B C:\Program Files\EasyPHP1-8\www\clari\php\website\thumbs\missjuliestrindb.jpg --> www.trailmarker.com /public_html/1st-soft/clari/thumbs missjuliestrindb.jpg
2005.09.23 18:15 B C:\Program Files\EasyPHP1-8\www\clari\php\website\thumbs\myheartbelongsto.jpg --> www.trailmarker.com /public_html/1st-soft/clari/thumbs myheartbelongsto.jpg
2005.09.23 18:15 B C:\Program Files\EasyPHP1-8\www\clari\php\website\thumbs\myheartikeepfory.jpg --> www.trailmarker.com /public_html/1st-soft/clari/thumbs myheartikeepfory.jpg
2005.09.23 18:15 B C:\Program Files\EasyPHP1-8\www\clari\php\website\thumbs\pappaenekdaddyan.jpg --> www.trailmarker.com /public_html/1st-soft/clari/thumbs pappaenekdaddyan.jpg
2005.09.23 18:15 B C:\Program Files\EasyPHP1-8\www\clari\php\website\thumbs\passion.jpg --> www.trailmarker.com /public_html/1st-soft/clari/thumbs passion.jpg
2005.09.23 18:15 B C:\Program Files\EasyPHP1-8\www\clari\php\website\thumbs\portrait1.jpg --> www.trailmarker.com /public_html/1st-soft/clari/thumbs portrait1.jpg
2005.09.23 18:15 B C:\Program Files\EasyPHP1-8\www\clari\php\website\thumbs\portrait2.jpg --> www.trailmarker.com /public_html/1st-soft/clari/thumbs portrait2.jpg
2005.09.23 18:15 B C:\Program Files\EasyPHP1-8\www\clari\php\website\thumbs\puppylove.jpg --> www.trailmarker.com /public_html/1st-soft/clari/thumbs puppylove.jpg
2005.09.23 18:15 B C:\Program Files\EasyPHP1-8\www\clari\php\website\thumbs\robberofhearts.jpg --> www.trailmarker.com /public_html/1st-soft/clari/thumbs robberofhearts.jpg
2005.09.23 18:15 B C:\Program Files\EasyPHP1-8\www\clari\php\website\thumbs\sondagmiddagopdi.jpg --> www.trailmarker.com /public_html/1st-soft/clari/thumbs sondagmiddagopdi.jpg
2005.09.23 18:15 B C:\Program Files\EasyPHP1-8\www\clari\php\website\thumbs\strawberrybliss.jpg --> www.trailmarker.com /public_html/1st-soft/clari/thumbs strawberrybliss.jpg
2005.09.23 18:15 B C:\Program Files\EasyPHP1-8\www\clari\php\website\thumbs\summerpear.jpg --> www.trailmarker.com /public_html/1st-soft/clari/thumbs summerpear.jpg
2005.09.23 18:15 B C:\Program Files\EasyPHP1-8\www\clari\php\website\thumbs\theartistdancerm.jpg --> www.trailmarker.com /public_html/1st-soft/clari/thumbs theartistdancerm.jpg
2005.09.23 18:15 B C:\Program Files\EasyPHP1-8\www\clari\php\website\thumbs\theballerina.jpg --> www.trailmarker.com /public_html/1st-soft/clari/thumbs theballerina.jpg
2005.09.23 18:15 B C:\Program Files\EasyPHP1-8\www\clari\php\website\thumbs\thebirdcatcher.jpg --> www.trailmarker.com /public_html/1st-soft/clari/thumbs thebirdcatcher.jpg
2005.09.23 18:15 B C:\Program Files\EasyPHP1-8\www\clari\php\website\thumbs\thedancingbear.jpg --> www.trailmarker.com /public_html/1st-soft/clari/thumbs thedancingbear.jpg
2005.09.23 18:15 B C:\Program Files\EasyPHP1-8\www\clari\php\website\thumbs\thefish.jpg --> www.trailmarker.com /public_html/1st-soft/clari/thumbs thefish.jpg
2005.09.23 18:15 B C:\Program Files\EasyPHP1-8\www\clari\php\website\thumbs\thegift.jpg --> www.trailmarker.com /public_html/1st-soft/clari/thumbs thegift.jpg
2005.09.23 18:15 B C:\Program Files\EasyPHP1-8\www\clari\php\website\thumbs\thelover.jpg --> www.trailmarker.com /public_html/1st-soft/clari/thumbs thelover.jpg
2005.09.23 18:15 B C:\Program Files\EasyPHP1-8\www\clari\php\website\thumbs\theoracle.jpg --> www.trailmarker.com /public_html/1st-soft/clari/thumbs theoracle.jpg
2005.09.23 18:15 B C:\Program Files\EasyPHP1-8\www\clari\php\website\thumbs\theprostitute.jpg --> www.trailmarker.com /public_html/1st-soft/clari/thumbs theprostitute.jpg
2005.09.23 18:15 B C:\Program Files\EasyPHP1-8\www\clari\php\website\thumbs\thepuppetmaster.jpg --> www.trailmarker.com /public_html/1st-soft/clari/thumbs thepuppetmaster.jpg
2005.09.23 18:15 B C:\Program Files\EasyPHP1-8\www\clari\php\website\thumbs\thequeen.jpg --> www.trailmarker.com /public_html/1st-soft/clari/thumbs thequeen.jpg
2005.09.23 18:15 B C:\Program Files\EasyPHP1-8\www\clari\php\website\thumbs\thetouch.jpg --> www.trailmarker.com /public_html/1st-soft/clari/thumbs thetouch.jpg
2005.09.23 18:15 B C:\Program Files\EasyPHP1-8\www\clari\php\website\thumbs\thewarrior.jpg --> www.trailmarker.com /public_html/1st-soft/clari/thumbs thewarrior.jpg
2005.09.23 18:15 B C:\Program Files\EasyPHP1-8\www\clari\php\website\thumbs\theweddingnight.jpg --> www.trailmarker.com /public_html/1st-soft/clari/thumbs theweddingnight.jpg
2005.09.23 18:15 B C:\Program Files\EasyPHP1-8\www\clari\php\website\thumbs\thewoundedchild.jpg --> www.trailmarker.com /public_html/1st-soft/clari/thumbs thewoundedchild.jpg
2005.09.23 18:16 B C:\Program Files\EasyPHP1-8\www\clari\php\website\thumbs\Thumbs.db --> www.trailmarker.com /public_html/1st-soft/clari/thumbs Thumbs.db
2005.09.23 18:16 B C:\Program Files\EasyPHP1-8\www\clari\php\website\thumbs\tianmetrooihaanr.jpg --> www.trailmarker.com /public_html/1st-soft/clari/thumbs tianmetrooihaanr.jpg
2005.09.23 18:16 B C:\Program Files\EasyPHP1-8\www\clari\php\website\thumbs\tropicalpinapple.jpg --> www.trailmarker.com /public_html/1st-soft/clari/thumbs tropicalpinapple.jpg
2005.09.23 18:16 B C:\Program Files\EasyPHP1-8\www\clari\php\website\thumbs\womanwithpoppies.jpg --> www.trailmarker.com /public_html/1st-soft/clari/thumbs womanwithpoppies.jpg
2005.09.23 18:16 B C:\Program Files\EasyPHP1-8\www\clari\php\website\thumbs\womanwithroses.jpg --> www.trailmarker.com /public_html/1st-soft/clari/thumbs womanwithroses.jpg
2005.09.23 18:16 B C:\Program Files\EasyPHP1-8\www\clari\php\website\thumbs\WS_FTP.LOG --> www.trailmarker.com /public_html/1st-soft/clari/thumbs WS_FTP.LOG
2005.09.25 18:42 B S:\programs\easyphp\EasyPHP1-8\www\clari\php\website\thumbs\WS_FTP.LOG --> www.trailmarker.com /www/1st-soft/clari/thumbs WS_FTP.LOG
2005.09.26 14:08 B S:\programs\easyphp\EasyPHP1-8\www\clari\php\website\thumbs\alone.jpg --> www.trailmarker.com /www/clarabelle/thumbs alone.jpg
2005.09.26 14:08 B S:\programs\easyphp\EasyPHP1-8\www\clari\php\website\thumbs\appleofmyeye.jpg --> www.trailmarker.com /www/clarabelle/thumbs appleofmyeye.jpg
2005.09.26 14:08 B S:\programs\easyphp\EasyPHP1-8\www\clari\php\website\thumbs\banana.jpg --> www.trailmarker.com /www/clarabelle/thumbs banana.jpg
2005.09.26 14:08 B S:\programs\easyphp\EasyPHP1-8\www\clari\php\website\thumbs\burningbed.jpg --> www.trailmarker.com /www/clarabelle/thumbs burningbed.jpg
2005.09.26 14:08 B S:\programs\easyphp\EasyPHP1-8\www\clari\php\website\thumbs\carnivalofmyhear.jpg --> www.trailmarker.com /www/clarabelle/thumbs carnivalofmyhear.jpg
2005.09.26 14:08 B S:\programs\easyphp\EasyPHP1-8\www\clari\php\website\thumbs\choices.jpg --> www.trailmarker.com /www/clarabelle/thumbs choices.jpg
2005.09.26 14:08 B S:\programs\easyphp\EasyPHP1-8\www\clari\php\website\thumbs\cuppucino.jpg --> www.trailmarker.com /www/clarabelle/thumbs cuppucino.jpg
2005.09.26 14:08 B S:\programs\easyphp\EasyPHP1-8\www\clari\php\website\thumbs\gatekeeperofmyhe.jpg --> www.trailmarker.com /www/clarabelle/thumbs gatekeeperofmyhe.jpg
2005.09.26 14:08 B S:\programs\easyphp\EasyPHP1-8\www\clari\php\website\thumbs\geslotelockedawa.jpg --> www.trailmarker.com /www/clarabelle/thumbs geslotelockedawa.jpg
2005.09.26 14:08 B S:\programs\easyphp\EasyPHP1-8\www\clari\php\website\thumbs\greendanjoupear.jpg --> www.trailmarker.com /www/clarabelle/thumbs greendanjoupear.jpg
2005.09.26 14:08 B S:\programs\easyphp\EasyPHP1-8\www\clari\php\website\thumbs\greensummerpear.jpg --> www.trailmarker.com /www/clarabelle/thumbs greensummerpear.jpg
2005.09.26 14:08 B S:\programs\easyphp\EasyPHP1-8\www\clari\php\website\thumbs\healingmyheart.jpg --> www.trailmarker.com /www/clarabelle/thumbs healingmyheart.jpg
2005.09.26 14:08 B S:\programs\easyphp\EasyPHP1-8\www\clari\php\website\thumbs\iofferyoumyheart.jpg --> www.trailmarker.com /www/clarabelle/thumbs iofferyoumyheart.jpg
2005.09.26 14:08 B S:\programs\easyphp\EasyPHP1-8\www\clari\php\website\thumbs\jugglinghearts.jpg --> www.trailmarker.com /www/clarabelle/thumbs jugglinghearts.jpg
2005.09.26 14:08 B S:\programs\easyphp\EasyPHP1-8\www\clari\php\website\thumbs\lettinggo.jpg --> www.trailmarker.com /www/clarabelle/thumbs lettinggo.jpg
2005.09.26 14:08 B S:\programs\easyphp\EasyPHP1-8\www\clari\php\website\thumbs\lonely.jpg --> www.trailmarker.com /www/clarabelle/thumbs lonely.jpg
2005.09.26 14:08 B S:\programs\easyphp\EasyPHP1-8\www\clari\php\website\thumbs\makasonkelittlep.jpg --> www.trailmarker.com /www/clarabelle/thumbs makasonkelittlep.jpg
2005.09.26 14:08 B S:\programs\easyphp\EasyPHP1-8\www\clari\php\website\thumbs\mammaenekmommyan.jpg --> www.trailmarker.com /www/clarabelle/thumbs mammaenekmommyan.jpg
2005.09.26 14:08 B S:\programs\easyphp\EasyPHP1-8\www\clari\php\website\thumbs\missjuliestrindb.jpg --> www.trailmarker.com /www/clarabelle/thumbs missjuliestrindb.jpg
2005.09.26 14:08 B S:\programs\easyphp\EasyPHP1-8\www\clari\php\website\thumbs\myheartbelongsto.jpg --> www.trailmarker.com /www/clarabelle/thumbs myheartbelongsto.jpg
2005.09.26 14:08 B S:\programs\easyphp\EasyPHP1-8\www\clari\php\website\thumbs\myheartikeepfory.jpg --> www.trailmarker.com /www/clarabelle/thumbs myheartikeepfory.jpg
2005.09.26 14:08 B S:\programs\easyphp\EasyPHP1-8\www\clari\php\website\thumbs\pappaenekdaddyan.jpg --> www.trailmarker.com /www/clarabelle/thumbs pappaenekdaddyan.jpg
2005.09.26 14:08 B S:\programs\easyphp\EasyPHP1-8\www\clari\php\website\thumbs\passion.jpg --> www.trailmarker.com /www/clarabelle/thumbs passion.jpg
2005.09.26 14:08 B S:\programs\easyphp\EasyPHP1-8\www\clari\php\website\thumbs\portrait1.jpg --> www.trailmarker.com /www/clarabelle/thumbs portrait1.jpg
2005.09.26 14:08 B S:\programs\easyphp\EasyPHP1-8\www\clari\php\website\thumbs\portrait2.jpg --> www.trailmarker.com /www/clarabelle/thumbs portrait2.jpg
2005.09.26 14:08 B S:\programs\easyphp\EasyPHP1-8\www\clari\php\website\thumbs\puppylove.jpg --> www.trailmarker.com /www/clarabelle/thumbs puppylove.jpg
2005.09.26 14:08 B S:\programs\easyphp\EasyPHP1-8\www\clari\php\website\thumbs\robberofhearts.jpg --> www.trailmarker.com /www/clarabelle/thumbs robberofhearts.jpg
2005.09.26 14:08 B S:\programs\easyphp\EasyPHP1-8\www\clari\php\website\thumbs\sondagmiddagopdi.jpg --> www.trailmarker.com /www/clarabelle/thumbs sondagmiddagopdi.jpg
2005.09.26 14:08 B S:\programs\easyphp\EasyPHP1-8\www\clari\php\website\thumbs\strawberrybliss.jpg --> www.trailmarker.com /www/clarabelle/thumbs strawberrybliss.jpg
2005.09.26 14:08 B S:\programs\easyphp\EasyPHP1-8\www\clari\php\website\thumbs\summerpear.jpg --> www.trailmarker.com /www/clarabelle/thumbs summerpear.jpg
2005.09.26 14:08 B S:\programs\easyphp\EasyPHP1-8\www\clari\php\website\thumbs\theartistdancerm.jpg --> www.trailmarker.com /www/clarabelle/thumbs theartistdancerm.jpg
2005.09.26 14:08 B S:\programs\easyphp\EasyPHP1-8\www\clari\php\website\thumbs\theballerina.jpg --> www.trailmarker.com /www/clarabelle/thumbs theballerina.jpg
2005.09.26 14:08 B S:\programs\easyphp\EasyPHP1-8\www\clari\php\website\thumbs\thebirdcatcher.jpg --> www.trailmarker.com /www/clarabelle/thumbs thebirdcatcher.jpg
2005.09.26 14:08 B S:\programs\easyphp\EasyPHP1-8\www\clari\php\website\thumbs\thedancingbear.jpg --> www.trailmarker.com /www/clarabelle/thumbs thedancingbear.jpg
2005.09.26 14:08 B S:\programs\easyphp\EasyPHP1-8\www\clari\php\website\thumbs\thefish.jpg --> www.trailmarker.com /www/clarabelle/thumbs thefish.jpg
2005.09.26 14:08 B S:\programs\easyphp\EasyPHP1-8\www\clari\php\website\thumbs\thegift.jpg --> www.trailmarker.com /www/clarabelle/thumbs thegift.jpg
2005.09.26 14:08 B S:\programs\easyphp\EasyPHP1-8\www\clari\php\website\thumbs\thelover.jpg --> www.trailmarker.com /www/clarabelle/thumbs thelover.jpg
2005.09.26 14:08 B S:\programs\easyphp\EasyPHP1-8\www\clari\php\website\thumbs\theoracle.jpg --> www.trailmarker.com /www/clarabelle/thumbs theoracle.jpg
2005.09.26 14:08 B S:\programs\easyphp\EasyPHP1-8\www\clari\php\website\thumbs\theprostitute.jpg --> www.trailmarker.com /www/clarabelle/thumbs theprostitute.jpg
2005.09.26 14:08 B S:\programs\easyphp\EasyPHP1-8\www\clari\php\website\thumbs\thepuppetmaster.jpg --> www.trailmarker.com /www/clarabelle/thumbs thepuppetmaster.jpg
2005.09.26 14:08 B S:\programs\easyphp\EasyPHP1-8\www\clari\php\website\thumbs\thequeen.jpg --> www.trailmarker.com /www/clarabelle/thumbs thequeen.jpg
2005.09.26 14:08 B S:\programs\easyphp\EasyPHP1-8\www\clari\php\website\thumbs\thetouch.jpg --> www.trailmarker.com /www/clarabelle/thumbs thetouch.jpg
2005.09.26 14:08 B S:\programs\easyphp\EasyPHP1-8\www\clari\php\website\thumbs\thewarrior.jpg --> www.trailmarker.com /www/clarabelle/thumbs thewarrior.jpg
2005.09.26 14:08 B S:\programs\easyphp\EasyPHP1-8\www\clari\php\website\thumbs\theweddingnight.jpg --> www.trailmarker.com /www/clarabelle/thumbs theweddingnight.jpg
2005.09.26 14:08 B S:\programs\easyphp\EasyPHP1-8\www\clari\php\website\thumbs\thewoundedchild.jpg --> www.trailmarker.com /www/clarabelle/thumbs thewoundedchild.jpg
2005.09.26 14:09 B S:\programs\easyphp\EasyPHP1-8\www\clari\php\website\thumbs\Thumbs.db --> www.trailmarker.com /www/clarabelle/thumbs Thumbs.db
2005.09.26 14:09 B S:\programs\easyphp\EasyPHP1-8\www\clari\php\website\thumbs\tianmetrooihaanr.jpg --> www.trailmarker.com /www/clarabelle/thumbs tianmetrooihaanr.jpg
2005.09.26 14:09 B S:\programs\easyphp\EasyPHP1-8\www\clari\php\website\thumbs\tropicalpinapple.jpg --> www.trailmarker.com /www/clarabelle/thumbs tropicalpinapple.jpg
2005.09.26 14:09 B S:\programs\easyphp\EasyPHP1-8\www\clari\php\website\thumbs\womanwithpoppies.jpg --> www.trailmarker.com /www/clarabelle/thumbs womanwithpoppies.jpg
2005.09.26 14:09 B S:\programs\easyphp\EasyPHP1-8\www\clari\php\website\thumbs\womanwithroses.jpg --> www.trailmarker.com /www/clarabelle/thumbs womanwithroses.jpg
2005.09.26 14:09 B S:\programs\easyphp\EasyPHP1-8\www\clari\php\website\thumbs\WS_FTP.LOG --> www.trailmarker.com /www/clarabelle/thumbs WS_FTP.LOG
2005.09.28 18:01 B S:\programs\easyphp\EasyPHP1-8\www\clari\php\website\thumbs\WS_FTP.LOG --> www.trailmarker.com /www/clarabelle/thumbs WS_FTP.LOG
2006.04.12 20:47 B S:\programs\easyphp\EasyPHP1-8\www\clari\php\website\thumbs\driesusters.jpg --> www.trailmarker.com /www/clarabelle/thumbs driesusters.jpg
2006.04.12 20:47 B S:\programs\easyphp\EasyPHP1-8\www\clari\php\website\thumbs\mammaenekmommyan.jpg --> www.trailmarker.com /www/clarabelle/thumbs mammaenekmommyan.jpg
